Warning: You are sending unauthenticated requests to the HF Hub. Please set a HF_TOKEN to enable higher rate limits and faster downloads.
/home/zeus/miniconda3/envs/cloudspace/lib/python3.12/site-packages/torch/nn/modules/transformer.py:392: UserWarning: enable_nested_tensor is True, but self.use_nested_tensor is False because encoder_layer.self_attn.batch_first was not True(use batch_first for better inference performance)
  warnings.warn(
Resumed weights from outputs/isbi2015_phase2/best_model.pt (missing=0, unexpected=0).
Checkpoint val_metrics: {'loss': 20.639675674438475, 'loss_hm': 0.3765456946690877, 'loss_re': 4.020073149998983, 'loss_fe': 16.243056818644206, 'mre_mm': 1.1324756036724961, 'mre_px': 11.324755843313117, 'sdr_2_0mm': 87.2280701754386, 'sdr_2_5mm': 92.42105263157895, 'sdr_3_0mm': 95.71929824561404, 'sdr_4_0mm': 98.17543859649123}
Epoch 01/128 | Train loss: 11.4091 (hm=0.3749, re=4.1220, fe=6.9121) | Val loss: 21.7661 (hm=0.3764, re=4.0172, fe=17.3725) | Val MRE(mm): 1.160 | SDR%(2/2.5/3/4): 85.7/91.5/95.1/98.1 | 97.6s
Epoch 02/128 | Train loss: 10.5265 (hm=0.3746, re=4.0568, fe=6.0951) | Val loss: 21.0746 (hm=0.3764, re=3.9145, fe=16.7838) | Val MRE(mm): 1.152 | SDR%(2/2.5/3/4): 85.9/91.9/95.4/98.0 | 93.8s
Epoch 03/128 | Train loss: 10.3998 (hm=0.3745, re=4.0081, fe=6.0172) | Val loss: 21.2092 (hm=0.3764, re=3.8862, fe=16.9466) | Val MRE(mm): 1.146 | SDR%(2/2.5/3/4): 86.1/92.1/95.6/98.1 | 93.8s
Epoch 04/128 | Train loss: 10.3168 (hm=0.3742, re=3.9996, fe=5.9430) | Val loss: 22.1625 (hm=0.3762, re=3.9468, fe=17.8395) | Val MRE(mm): 1.170 | SDR%(2/2.5/3/4): 85.3/91.4/95.3/97.9 | 93.9s
Epoch 05/128 | Train loss: 10.1171 (hm=0.3745, re=3.9464, fe=5.7963) | Val loss: 21.2223 (hm=0.3763, re=3.9428, fe=16.9033) | Val MRE(mm): 1.160 | SDR%(2/2.5/3/4): 85.8/91.6/95.2/98.1 | 94.1s
Epoch 06/128 | Train loss: 10.1140 (hm=0.3743, re=3.9223, fe=5.8174) | Val loss: 21.4295 (hm=0.3761, re=3.8651, fe=17.1883) | Val MRE(mm): 1.137 | SDR%(2/2.5/3/4): 86.5/92.3/95.7/98.1 | 93.9s
Epoch 07/128 | Train loss: 10.1760 (hm=0.3742, re=3.9549, fe=5.8470) | Val loss: 22.4387 (hm=0.3761, re=3.9203, fe=18.1423) | Val MRE(mm): 1.161 | SDR%(2/2.5/3/4): 86.0/92.1/95.4/98.1 | 93.8s
Epoch 08/128 | Train loss: 10.0186 (hm=0.3740, re=3.9341, fe=5.7105) | Val loss: 21.9659 (hm=0.3761, re=3.9190, fe=17.6708) | Val MRE(mm): 1.149 | SDR%(2/2.5/3/4): 86.4/92.2/95.8/98.0 | 93.8s
Epoch 09/128 | Train loss: 10.1776 (hm=0.3742, re=3.9609, fe=5.8425) | Val loss: 21.8886 (hm=0.3761, re=3.8428, fe=17.6696) | Val MRE(mm): 1.147 | SDR%(2/2.5/3/4): 86.2/92.1/95.5/98.1 | 93.8s
Epoch 10/128 | Train loss: 10.1493 (hm=0.3747, re=3.9593, fe=5.8153) | Val loss: 21.5766 (hm=0.3762, re=3.9743, fe=17.2261) | Val MRE(mm): 1.152 | SDR%(2/2.5/3/4): 86.3/92.2/95.5/98.2 | 93.8s
Epoch 11/128 | Train loss: 10.0371 (hm=0.3745, re=3.9306, fe=5.7320) | Val loss: 21.7649 (hm=0.3761, re=3.9126, fe=17.4762) | Val MRE(mm): 1.155 | SDR%(2/2.5/3/4): 86.2/91.9/95.5/98.2 | 93.8s
Epoch 12/128 | Train loss: 10.4685 (hm=0.3750, re=4.0085, fe=6.0850) | Val loss: 21.2250 (hm=0.3761, re=3.8766, fe=16.9724) | Val MRE(mm): 1.188 | SDR%(2/2.5/3/4): 86.4/92.0/95.5/97.9 | 93.8s
Epoch 13/128 | Train loss: 10.5524 (hm=0.3743, re=3.9875, fe=6.1906) | Val loss: 21.5195 (hm=0.3761, re=3.9802, fe=17.1632) | Val MRE(mm): 1.190 | SDR%(2/2.5/3/4): 85.8/91.9/95.5/98.0 | 93.8s
Epoch 14/128 | Train loss: 10.1704 (hm=0.3747, re=3.9436, fe=5.8521) | Val loss: 21.7086 (hm=0.3764, re=3.9005, fe=17.4317) | Val MRE(mm): 1.141 | SDR%(2/2.5/3/4): 85.9/91.9/95.7/98.0 | 93.8s
Epoch 15/128 | Train loss: 10.1202 (hm=0.3743, re=3.9637, fe=5.7823) | Val loss: 21.7222 (hm=0.3761, re=4.0326, fe=17.3135) | Val MRE(mm): 1.157 | SDR%(2/2.5/3/4): 86.1/92.2/95.6/98.2 | 93.8s
Epoch 16/128 | Train loss: 10.4228 (hm=0.3745, re=3.9443, fe=6.1040) | Val loss: 21.8069 (hm=0.3762, re=3.8102, fe=17.6205) | Val MRE(mm): 1.159 | SDR%(2/2.5/3/4): 85.5/91.9/95.5/98.3 | 93.8s
Epoch 17/128 | Train loss: 10.0656 (hm=0.3746, re=3.9158, fe=5.7752) | Val loss: 21.7945 (hm=0.3761, re=3.7888, fe=17.6296) | Val MRE(mm): 1.151 | SDR%(2/2.5/3/4): 86.0/91.8/95.4/98.2 | 93.8s
Epoch 18/128 | Train loss: 9.9919 (hm=0.3739, re=3.9291, fe=5.6889) | Val loss: 21.5506 (hm=0.3761, re=3.7773, fe=17.3971) | Val MRE(mm): 1.153 | SDR%(2/2.5/3/4): 85.9/92.1/95.5/98.3 | 93.8s
Epoch 19/128 | Train loss: 10.0375 (hm=0.3745, re=3.9344, fe=5.7287) | Val loss: 21.0468 (hm=0.3759, re=3.8655, fe=16.8055) | Val MRE(mm): 1.139 | SDR%(2/2.5/3/4): 86.3/91.8/95.4/98.2 | 93.9s
Epoch 20/128 | Train loss: 10.1117 (hm=0.3746, re=3.9901, fe=5.7470) | Val loss: 22.4265 (hm=0.3763, re=3.8787, fe=18.1714) | Val MRE(mm): 1.154 | SDR%(2/2.5/3/4): 86.2/92.1/95.4/98.1 | 93.7s
Epoch 21/128 | Train loss: 10.4459 (hm=0.3745, re=3.9430, fe=6.1283) | Val loss: 21.5557 (hm=0.3760, re=3.8720, fe=17.3077) | Val MRE(mm): 1.163 | SDR%(2/2.5/3/4): 85.9/91.8/95.4/98.2 | 93.7s
Epoch 22/128 | Train loss: 10.0188 (hm=0.3743, re=3.9590, fe=5.6856) | Val loss: 21.5653 (hm=0.3761, re=3.7954, fe=17.3939) | Val MRE(mm): 1.147 | SDR%(2/2.5/3/4): 86.6/92.1/95.6/98.2 | 93.7s
Epoch 23/128 | Train loss: 10.0163 (hm=0.3745, re=3.9585, fe=5.6833) | Val loss: 22.0589 (hm=0.3762, re=3.8259, fe=17.8567) | Val MRE(mm): 1.148 | SDR%(2/2.5/3/4): 86.1/91.9/95.3/98.3 | 93.8s
Epoch 24/128 | Train loss: 10.2817 (hm=0.3743, re=3.9712, fe=5.9362) | Val loss: 21.5302 (hm=0.3759, re=3.9904, fe=17.1640) | Val MRE(mm): 1.143 | SDR%(2/2.5/3/4): 86.5/92.2/95.6/98.2 | 93.7s
Epoch 25/128 | Train loss: 10.1940 (hm=0.3749, re=3.9629, fe=5.8562) | Val loss: 22.5860 (hm=0.3761, re=3.8862, fe=18.3237) | Val MRE(mm): 1.154 | SDR%(2/2.5/3/4): 85.8/91.7/95.4/98.2 | 93.9s
Epoch 26/128 | Train loss: 9.9316 (hm=0.3744, re=3.9523, fe=5.6048) | Val loss: 22.2489 (hm=0.3761, re=3.8566, fe=18.0161) | Val MRE(mm): 1.131 | SDR%(2/2.5/3/4): 86.5/92.1/95.7/98.2 | 93.8s
Epoch 27/128 | Train loss: 9.9983 (hm=0.3743, re=3.9313, fe=5.6928) | Val loss: 22.3010 (hm=0.3761, re=3.8859, fe=18.0390) | Val MRE(mm): 1.144 | SDR%(2/2.5/3/4): 85.8/92.0/95.6/98.2 | 93.8s
Epoch 28/128 | Train loss: 9.7990 (hm=0.3742, re=3.9151, fe=5.5098) | Val loss: 22.5957 (hm=0.3761, re=3.8095, fe=18.4101) | Val MRE(mm): 1.154 | SDR%(2/2.5/3/4): 85.7/92.0/95.6/98.2 | 93.8s
Epoch 29/128 | Train loss: 10.0534 (hm=0.3742, re=3.8894, fe=5.7898) | Val loss: 23.0006 (hm=0.3761, re=4.0216, fe=18.6029) | Val MRE(mm): 1.142 | SDR%(2/2.5/3/4): 86.4/92.2/95.5/98.2 | 93.9s
Epoch 30/128 | Train loss: 9.8076 (hm=0.3742, re=3.9153, fe=5.5182) | Val loss: 22.3222 (hm=0.3760, re=3.7933, fe=18.1528) | Val MRE(mm): 1.127 | SDR%(2/2.5/3/4): 86.8/92.1/95.7/98.2 | 93.7s
Epoch 31/128 | Train loss: 9.6350 (hm=0.3740, re=3.8786, fe=5.3824) | Val loss: 22.1943 (hm=0.3760, re=3.8361, fe=17.9822) | Val MRE(mm): 1.152 | SDR%(2/2.5/3/4): 86.2/91.8/95.4/98.4 | 93.9s
Epoch 32/128 | Train loss: 9.8263 (hm=0.3744, re=3.8784, fe=5.5736) | Val loss: 22.5295 (hm=0.3760, re=3.9279, fe=18.2255) | Val MRE(mm): 1.124 | SDR%(2/2.5/3/4): 87.1/92.5/96.1/98.4 | 93.8s
Epoch 33/128 | Train loss: 9.4897 (hm=0.3743, re=3.8428, fe=5.2727) | Val loss: 23.1455 (hm=0.3759, re=3.8015, fe=18.9680) | Val MRE(mm): 1.152 | SDR%(2/2.5/3/4): 86.2/92.0/95.8/98.2 | 93.7s
Epoch 34/128 | Train loss: 9.4934 (hm=0.3741, re=3.8617, fe=5.2576) | Val loss: 23.5626 (hm=0.3760, re=3.7526, fe=19.4341) | Val MRE(mm): 1.172 | SDR%(2/2.5/3/4): 85.9/91.7/95.6/98.1 | 93.7s
Epoch 35/128 | Train loss: 9.4910 (hm=0.3741, re=3.8697, fe=5.2472) | Val loss: 22.6314 (hm=0.3758, re=3.8049, fe=18.4508) | Val MRE(mm): 1.138 | SDR%(2/2.5/3/4): 86.5/92.6/95.7/98.3 | 93.9s
Epoch 36/128 | Train loss: 9.4211 (hm=0.3747, re=3.8578, fe=5.1886) | Val loss: 22.7966 (hm=0.3760, re=3.7837, fe=18.6369) | Val MRE(mm): 1.146 | SDR%(2/2.5/3/4): 86.2/92.1/95.6/98.3 | 93.9s
Epoch 37/128 | Train loss: 9.6675 (hm=0.3746, re=3.9106, fe=5.3823) | Val loss: 23.3806 (hm=0.3759, re=4.0680, fe=18.9368) | Val MRE(mm): 1.142 | SDR%(2/2.5/3/4): 86.5/92.2/95.7/98.2 | 93.9s
Epoch 38/128 | Train loss: 9.3956 (hm=0.3741, re=3.8529, fe=5.1686) | Val loss: 23.2231 (hm=0.3759, re=3.7748, fe=19.0724) | Val MRE(mm): 1.153 | SDR%(2/2.5/3/4): 86.4/91.7/95.4/98.2 | 94.0s
Epoch 39/128 | Train loss: 9.8198 (hm=0.3739, re=3.8636, fe=5.5822) | Val loss: 22.2903 (hm=0.3758, re=3.9053, fe=18.0092) | Val MRE(mm): 1.127 | SDR%(2/2.5/3/4): 86.9/92.1/95.6/98.2 | 93.8s
Epoch 40/128 | Train loss: 9.2453 (hm=0.3738, re=3.8513, fe=5.0202) | Val loss: 23.8797 (hm=0.3759, re=3.7800, fe=19.7238) | Val MRE(mm): 1.146 | SDR%(2/2.5/3/4): 86.6/92.3/95.8/98.2 | 93.8s
Epoch 41/128 | Train loss: 9.3289 (hm=0.3744, re=3.8094, fe=5.1451) | Val loss: 23.2451 (hm=0.3759, re=3.8493, fe=19.0199) | Val MRE(mm): 1.155 | SDR%(2/2.5/3/4): 85.9/91.7/95.3/98.2 | 93.9s
Epoch 42/128 | Train loss: 9.3466 (hm=0.3739, re=3.8675, fe=5.1051) | Val loss: 23.5532 (hm=0.3759, re=4.1253, fe=19.0519) | Val MRE(mm): 1.160 | SDR%(2/2.5/3/4): 86.1/91.7/95.5/98.2 | 93.8s
Epoch 43/128 | Train loss: 9.2548 (hm=0.3742, re=3.8298, fe=5.0509) | Val loss: 23.3598 (hm=0.3758, re=3.7748, fe=19.2092) | Val MRE(mm): 1.145 | SDR%(2/2.5/3/4): 86.3/91.9/95.6/98.3 | 93.8s
Epoch 44/128 | Train loss: 9.3149 (hm=0.3745, re=3.8292, fe=5.1112) | Val loss: 23.5795 (hm=0.3758, re=3.9453, fe=19.2584) | Val MRE(mm): 1.136 | SDR%(2/2.5/3/4): 86.9/92.0/95.8/98.1 | 94.0s
Epoch 45/128 | Train loss: 9.3481 (hm=0.3740, re=3.8487, fe=5.1255) | Val loss: 23.2083 (hm=0.3757, re=4.1050, fe=18.7276) | Val MRE(mm): 1.137 | SDR%(2/2.5/3/4): 86.5/92.0/95.4/98.2 | 93.8s
Epoch 46/128 | Train loss: 9.1923 (hm=0.3739, re=3.8191, fe=4.9992) | Val loss: 24.3020 (hm=0.3758, re=3.9999, fe=19.9263) | Val MRE(mm): 1.128 | SDR%(2/2.5/3/4): 86.9/92.0/95.6/98.3 | 93.8s
Epoch 47/128 | Train loss: 9.1803 (hm=0.3738, re=3.7692, fe=5.0373) | Val loss: 22.8873 (hm=0.3758, re=3.9566, fe=18.5549) | Val MRE(mm): 1.144 | SDR%(2/2.5/3/4): 86.2/92.3/95.4/98.3 | 94.0s
Epoch 48/128 | Train loss: 9.2260 (hm=0.3740, re=3.8139, fe=5.0382) | Val loss: 23.4753 (hm=0.3758, re=3.7301, fe=19.3693) | Val MRE(mm): 1.140 | SDR%(2/2.5/3/4): 86.8/92.5/95.6/98.2 | 94.0s
Epoch 49/128 | Train loss: 9.0860 (hm=0.3740, re=3.8010, fe=4.9110) | Val loss: 24.3447 (hm=0.3757, re=3.8800, fe=20.0891) | Val MRE(mm): 1.134 | SDR%(2/2.5/3/4): 86.8/92.5/95.9/98.4 | 93.9s
Epoch 50/128 | Train loss: 8.9491 (hm=0.3742, re=3.7567, fe=4.8182) | Val loss: 24.7003 (hm=0.3758, re=3.9023, fe=20.4223) | Val MRE(mm): 1.157 | SDR%(2/2.5/3/4): 85.9/91.8/95.7/98.2 | 93.9s
Epoch 51/128 | Train loss: 9.0704 (hm=0.3736, re=3.7668, fe=4.9301) | Val loss: 24.1586 (hm=0.3757, re=3.7697, fe=20.0132) | Val MRE(mm): 1.155 | SDR%(2/2.5/3/4): 86.1/92.2/95.6/98.2 | 93.9s
Epoch 52/128 | Train loss: 9.0251 (hm=0.3738, re=3.7927, fe=4.8586) | Val loss: 24.1454 (hm=0.3757, re=3.7712, fe=19.9986) | Val MRE(mm): 1.143 | SDR%(2/2.5/3/4): 86.5/92.3/95.6/98.3 | 93.8s
Epoch 53/128 | Train loss: 9.1178 (hm=0.3739, re=3.8056, fe=4.9383) | Val loss: 25.1954 (hm=0.3757, re=3.8510, fe=20.9687) | Val MRE(mm): 1.149 | SDR%(2/2.5/3/4): 86.1/91.8/95.5/98.2 | 94.0s
Epoch 54/128 | Train loss: 9.3140 (hm=0.3739, re=3.8083, fe=5.1319) | Val loss: 23.5779 (hm=0.3758, re=3.9003, fe=19.3018) | Val MRE(mm): 1.164 | SDR%(2/2.5/3/4): 86.1/91.8/95.3/97.9 | 94.0s
Epoch 55/128 | Train loss: 9.0524 (hm=0.3740, re=3.8242, fe=4.8543) | Val loss: 24.6891 (hm=0.3757, re=3.8900, fe=20.4233) | Val MRE(mm): 1.129 | SDR%(2/2.5/3/4): 86.8/92.2/95.8/98.3 | 93.8s
Epoch 56/128 | Train loss: 9.0674 (hm=0.3743, re=3.8004, fe=4.8927) | Val loss: 24.1959 (hm=0.3758, re=3.8638, fe=19.9562) | Val MRE(mm): 1.142 | SDR%(2/2.5/3/4): 85.9/91.9/95.6/98.2 | 94.0s
Epoch 57/128 | Train loss: 9.2642 (hm=0.3740, re=3.7675, fe=5.1226) | Val loss: 24.5097 (hm=0.3757, re=3.7851, fe=20.3489) | Val MRE(mm): 1.144 | SDR%(2/2.5/3/4): 86.7/92.3/95.5/98.1 | 94.0s
Epoch 58/128 | Train loss: 9.0246 (hm=0.3743, re=3.8302, fe=4.8202) | Val loss: 25.0696 (hm=0.3759, re=3.7469, fe=20.9469) | Val MRE(mm): 1.157 | SDR%(2/2.5/3/4): 86.0/91.5/95.7/98.0 | 94.0s
Epoch 59/128 | Train loss: 9.0741 (hm=0.3743, re=3.8578, fe=4.8420) | Val loss: 24.7733 (hm=0.3758, re=3.9357, fe=20.4618) | Val MRE(mm): 1.155 | SDR%(2/2.5/3/4): 86.0/91.9/95.4/98.2 | 94.0s
Epoch 60/128 | Train loss: 9.2540 (hm=0.3738, re=3.8465, fe=5.0337) | Val loss: 24.4370 (hm=0.3758, re=3.8330, fe=20.2282) | Val MRE(mm): 1.135 | SDR%(2/2.5/3/4): 86.8/92.0/95.5/98.2 | 93.9s
Epoch 61/128 | Train loss: 8.7539 (hm=0.3742, re=3.7747, fe=4.6050) | Val loss: 25.2736 (hm=0.3758, re=3.8549, fe=21.0429) | Val MRE(mm): 1.133 | SDR%(2/2.5/3/4): 86.4/92.0/95.6/98.2 | 93.8s
Epoch 62/128 | Train loss: 8.8450 (hm=0.3740, re=3.7666, fe=4.7044) | Val loss: 24.4365 (hm=0.3758, re=4.0237, fe=20.0370) | Val MRE(mm): 1.149 | SDR%(2/2.5/3/4): 86.3/91.9/95.6/98.2 | 93.9s
Epoch 63/128 | Train loss: 8.7722 (hm=0.3739, re=3.7383, fe=4.6600) | Val loss: 24.9359 (hm=0.3757, re=3.9500, fe=20.6102) | Val MRE(mm): 1.145 | SDR%(2/2.5/3/4): 86.5/92.0/95.5/98.2 | 93.8s
Epoch 64/128 | Train loss: 8.8123 (hm=0.3742, re=3.7573, fe=4.6808) | Val loss: 24.9747 (hm=0.3757, re=3.9094, fe=20.6897) | Val MRE(mm): 1.144 | SDR%(2/2.5/3/4): 86.3/91.9/95.5/98.2 | 93.8s
Epoch 65/128 | Train loss: 8.5975 (hm=0.3740, re=3.7292, fe=4.4943) | Val loss: 26.2455 (hm=0.3757, re=3.8223, fe=22.0475) | Val MRE(mm): 1.151 | SDR%(2/2.5/3/4): 86.3/91.9/95.5/98.2 | 94.0s
Epoch 66/128 | Train loss: 8.7141 (hm=0.3743, re=3.7805, fe=4.5593) | Val loss: 25.7466 (hm=0.3757, re=3.9060, fe=21.4649) | Val MRE(mm): 1.152 | SDR%(2/2.5/3/4): 86.3/91.8/95.6/98.3 | 93.9s
Epoch 67/128 | Train loss: 8.7021 (hm=0.3740, re=3.7700, fe=4.5581) | Val loss: 25.8248 (hm=0.3757, re=3.8419, fe=21.6072) | Val MRE(mm): 1.145 | SDR%(2/2.5/3/4): 86.3/92.0/95.7/98.4 | 93.9s
Epoch 68/128 | Train loss: 8.5994 (hm=0.3743, re=3.7025, fe=4.5226) | Val loss: 25.5458 (hm=0.3757, re=3.7410, fe=21.4292) | Val MRE(mm): 1.156 | SDR%(2/2.5/3/4): 86.2/91.6/95.3/98.1 | 93.9s
Epoch 69/128 | Train loss: 8.6216 (hm=0.3737, re=3.7475, fe=4.5004) | Val loss: 26.0905 (hm=0.3757, re=3.7433, fe=21.9715) | Val MRE(mm): 1.145 | SDR%(2/2.5/3/4): 86.4/92.0/95.5/98.2 | 93.8s
Epoch 70/128 | Train loss: 8.5620 (hm=0.3744, re=3.6953, fe=4.4924) | Val loss: 26.0105 (hm=0.3757, re=3.8656, fe=21.7692) | Val MRE(mm): 1.132 | SDR%(2/2.5/3/4): 86.8/92.3/95.7/98.1 | 93.8s
Epoch 71/128 | Train loss: 8.5615 (hm=0.3741, re=3.7216, fe=4.4658) | Val loss: 25.6582 (hm=0.3755, re=3.7988, fe=21.4838) | Val MRE(mm): 1.147 | SDR%(2/2.5/3/4): 86.7/91.9/95.5/98.3 | 93.9s
Epoch 72/128 | Train loss: 8.6180 (hm=0.3738, re=3.7180, fe=4.5262) | Val loss: 25.8556 (hm=0.3756, re=4.0672, fe=21.4129) | Val MRE(mm): 1.135 | SDR%(2/2.5/3/4): 86.6/92.2/95.6/98.2 | 94.0s
Epoch 73/128 | Train loss: 8.4806 (hm=0.3743, re=3.7358, fe=4.3705) | Val loss: 25.9850 (hm=0.3757, re=3.7430, fe=21.8663) | Val MRE(mm): 1.135 | SDR%(2/2.5/3/4): 86.5/92.1/95.5/98.2 | 94.0s
Epoch 74/128 | Train loss: 8.4461 (hm=0.3738, re=3.6914, fe=4.3810) | Val loss: 25.9636 (hm=0.3757, re=3.7257, fe=21.8622) | Val MRE(mm): 1.144 | SDR%(2/2.5/3/4): 86.4/92.0/95.6/98.3 | 93.9s
Epoch 75/128 | Train loss: 8.3243 (hm=0.3740, re=3.7068, fe=4.2435) | Val loss: 27.1341 (hm=0.3756, re=3.8268, fe=22.9316) | Val MRE(mm): 1.135 | SDR%(2/2.5/3/4): 86.8/92.0/95.6/98.2 | 93.9s
Epoch 76/128 | Train loss: 8.3728 (hm=0.3742, re=3.7034, fe=4.2952) | Val loss: 27.1841 (hm=0.3756, re=3.8330, fe=22.9755) | Val MRE(mm): 1.142 | SDR%(2/2.5/3/4): 86.5/92.0/95.8/98.2 | 93.9s
Epoch 77/128 | Train loss: 8.4782 (hm=0.3739, re=3.6884, fe=4.4159) | Val loss: 26.4682 (hm=0.3756, re=3.8703, fe=22.2223) | Val MRE(mm): 1.136 | SDR%(2/2.5/3/4): 86.9/92.2/95.6/98.3 | 93.8s
Epoch 78/128 | Train loss: 8.3736 (hm=0.3739, re=3.6733, fe=4.3265) | Val loss: 26.0327 (hm=0.3755, re=3.8253, fe=21.8319) | Val MRE(mm): 1.142 | SDR%(2/2.5/3/4): 86.6/92.2/95.8/98.2 | 93.9s
Epoch 79/128 | Train loss: 8.2638 (hm=0.3736, re=3.6725, fe=4.2177) | Val loss: 27.0363 (hm=0.3755, re=3.6676, fe=22.9932) | Val MRE(mm): 1.137 | SDR%(2/2.5/3/4): 86.5/91.9/95.7/98.3 | 93.8s
Epoch 80/128 | Train loss: 8.1702 (hm=0.3739, re=3.6443, fe=4.1520) | Val loss: 27.1449 (hm=0.3755, re=3.6935, fe=23.0758) | Val MRE(mm): 1.143 | SDR%(2/2.5/3/4): 86.3/91.8/95.6/98.3 | 94.0s
Epoch 81/128 | Train loss: 8.0805 (hm=0.3734, re=3.6514, fe=4.0557) | Val loss: 27.7845 (hm=0.3755, re=3.7902, fe=23.6187) | Val MRE(mm): 1.140 | SDR%(2/2.5/3/4): 86.1/92.1/95.6/98.3 | 93.8s
Epoch 82/128 | Train loss: 8.1283 (hm=0.3735, re=3.6491, fe=4.1057) | Val loss: 27.0434 (hm=0.3755, re=3.6667, fe=23.0012) | Val MRE(mm): 1.132 | SDR%(2/2.5/3/4): 86.6/92.2/95.6/98.2 | 93.8s
Epoch 83/128 | Train loss: 8.1032 (hm=0.3737, re=3.6649, fe=4.0646) | Val loss: 27.4873 (hm=0.3754, re=3.7643, fe=23.3476) | Val MRE(mm): 1.141 | SDR%(2/2.5/3/4): 86.4/92.0/95.5/98.2 | 93.8s
Epoch 84/128 | Train loss: 8.1360 (hm=0.3738, re=3.6490, fe=4.1133) | Val loss: 27.3241 (hm=0.3754, re=3.7224, fe=23.2262) | Val MRE(mm): 1.144 | SDR%(2/2.5/3/4): 86.1/91.7/95.5/98.2 | 93.9s
Epoch 85/128 | Train loss: 8.1126 (hm=0.3736, re=3.6367, fe=4.1023) | Val loss: 26.9621 (hm=0.3755, re=3.6896, fe=22.8969) | Val MRE(mm): 1.130 | SDR%(2/2.5/3/4): 86.7/92.1/95.7/98.3 | 93.8s
Epoch 86/128 | Train loss: 8.1637 (hm=0.3735, re=3.6500, fe=4.1403) | Val loss: 27.0560 (hm=0.3754, re=3.7078, fe=22.9727) | Val MRE(mm): 1.132 | SDR%(2/2.5/3/4): 86.7/92.1/95.7/98.2 | 93.8s
Epoch 87/128 | Train loss: 7.9983 (hm=0.3736, re=3.6365, fe=3.9882) | Val loss: 27.6756 (hm=0.3754, re=3.7250, fe=23.5752) | Val MRE(mm): 1.133 | SDR%(2/2.5/3/4): 86.5/92.1/95.6/98.2 | 93.9s
Epoch 88/128 | Train loss: 8.0583 (hm=0.3737, re=3.6685, fe=4.0161) | Val loss: 28.1764 (hm=0.3754, re=3.8001, fe=24.0008) | Val MRE(mm): 1.145 | SDR%(2/2.5/3/4): 86.4/91.6/95.5/98.2 | 93.7s
Epoch 89/128 | Train loss: 8.0095 (hm=0.3735, re=3.6282, fe=4.0078) | Val loss: 27.9970 (hm=0.3754, re=3.6773, fe=23.9442) | Val MRE(mm): 1.136 | SDR%(2/2.5/3/4): 86.6/92.0/95.7/98.3 | 93.9s
Epoch 90/128 | Train loss: 7.9698 (hm=0.3739, re=3.6432, fe=3.9527) | Val loss: 27.9359 (hm=0.3755, re=3.6499, fe=23.9104) | Val MRE(mm): 1.142 | SDR%(2/2.5/3/4): 86.4/91.7/95.4/98.2 | 93.8s
Epoch 91/128 | Train loss: 8.0599 (hm=0.3737, re=3.6440, fe=4.0422) | Val loss: 28.0793 (hm=0.3755, re=3.6604, fe=24.0434) | Val MRE(mm): 1.138 | SDR%(2/2.5/3/4): 86.8/92.0/95.6/98.2 | 93.8s
Epoch 92/128 | Train loss: 7.9273 (hm=0.3739, re=3.6479, fe=3.9055) | Val loss: 28.7530 (hm=0.3755, re=3.7468, fe=24.6307) | Val MRE(mm): 1.140 | SDR%(2/2.5/3/4): 86.5/91.9/95.4/98.2 | 93.7s
Epoch 93/128 | Train loss: 7.9129 (hm=0.3739, re=3.6165, fe=3.9225) | Val loss: 28.4093 (hm=0.3755, re=3.7274, fe=24.3064) | Val MRE(mm): 1.149 | SDR%(2/2.5/3/4): 86.1/91.8/95.6/98.2 | 94.0s
Epoch 94/128 | Train loss: 7.8766 (hm=0.3739, re=3.6156, fe=3.8871) | Val loss: 28.5811 (hm=0.3754, re=3.7216, fe=24.4841) | Val MRE(mm): 1.135 | SDR%(2/2.5/3/4): 86.6/92.2/95.7/98.2 | 93.9s
Epoch 95/128 | Train loss: 7.7278 (hm=0.3738, re=3.6061, fe=3.7479) | Val loss: 28.8408 (hm=0.3754, re=3.7117, fe=24.7537) | Val MRE(mm): 1.134 | SDR%(2/2.5/3/4): 86.8/92.1/95.6/98.3 | 93.8s
Epoch 96/128 | Train loss: 7.7922 (hm=0.3736, re=3.6196, fe=3.7991) | Val loss: 29.0174 (hm=0.3754, re=3.6823, fe=24.9597) | Val MRE(mm): 1.136 | SDR%(2/2.5/3/4): 86.8/92.1/95.6/98.2 | 93.9s
Epoch 97/128 | Train loss: 7.9080 (hm=0.3734, re=3.6140, fe=3.9206) | Val loss: 28.5469 (hm=0.3754, re=3.7146, fe=24.4569) | Val MRE(mm): 1.137 | SDR%(2/2.5/3/4): 86.7/91.9/95.6/98.2 | 115.4s
Epoch 98/128 | Train loss: 7.9489 (hm=0.3735, re=3.6289, fe=3.9465) | Val loss: 28.2260 (hm=0.3754, re=3.6512, fe=24.1994) | Val MRE(mm): 1.131 | SDR%(2/2.5/3/4): 86.7/92.2/95.4/98.3 | 93.9s
Epoch 99/128 | Train loss: 7.6172 (hm=0.3735, re=3.6158, fe=3.6279) | Val loss: 29.2387 (hm=0.3754, re=3.8193, fe=25.0440) | Val MRE(mm): 1.136 | SDR%(2/2.5/3/4): 86.6/92.0/95.6/98.2 | 108.5s
Epoch 100/128 | Train loss: 7.8046 (hm=0.3734, re=3.6361, fe=3.7950) | Val loss: 28.9102 (hm=0.3754, re=3.7078, fe=24.8270) | Val MRE(mm): 1.128 | SDR%(2/2.5/3/4): 86.9/92.1/95.6/98.2 | 93.8s
Epoch 101/128 | Train loss: 7.6821 (hm=0.3736, re=3.6068, fe=3.7018) | Val loss: 29.1301 (hm=0.3754, re=3.7587, fe=24.9959) | Val MRE(mm): 1.131 | SDR%(2/2.5/3/4): 86.7/92.1/95.7/98.2 | 93.7s
Epoch 102/128 | Train loss: 7.7928 (hm=0.3737, re=3.6122, fe=3.8069) | Val loss: 29.0934 (hm=0.3754, re=3.6635, fe=25.0545) | Val MRE(mm): 1.133 | SDR%(2/2.5/3/4): 86.6/92.0/95.6/98.2 | 93.8s
Epoch 103/128 | Train loss: 7.5874 (hm=0.3734, re=3.5980, fe=3.6160) | Val loss: 29.6161 (hm=0.3754, re=3.7713, fe=25.4694) | Val MRE(mm): 1.135 | SDR%(2/2.5/3/4): 86.6/92.0/95.6/98.3 | 93.9s
Epoch 104/128 | Train loss: 7.6503 (hm=0.3736, re=3.6031, fe=3.6736) | Val loss: 29.4934 (hm=0.3754, re=3.7556, fe=25.3624) | Val MRE(mm): 1.134 | SDR%(2/2.5/3/4): 86.6/92.1/95.5/98.2 | 93.8s
Epoch 105/128 | Train loss: 7.5635 (hm=0.3736, re=3.5999, fe=3.5899) | Val loss: 29.9279 (hm=0.3754, re=3.6564, fe=25.8961) | Val MRE(mm): 1.134 | SDR%(2/2.5/3/4): 86.9/92.0/95.8/98.2 | 93.8s
Epoch 106/128 | Train loss: 7.8491 (hm=0.3736, re=3.6227, fe=3.8528) | Val loss: 29.5832 (hm=0.3754, re=3.7078, fe=25.5000) | Val MRE(mm): 1.137 | SDR%(2/2.5/3/4): 86.6/92.1/95.6/98.2 | 93.7s
Epoch 107/128 | Train loss: 7.7091 (hm=0.3734, re=3.5882, fe=3.7475) | Val loss: 29.4837 (hm=0.3754, re=3.7219, fe=25.3865) | Val MRE(mm): 1.139 | SDR%(2/2.5/3/4): 86.6/92.0/95.5/98.2 | 93.8s
Epoch 108/128 | Train loss: 7.5136 (hm=0.3732, re=3.5852, fe=3.5552) | Val loss: 29.5663 (hm=0.3754, re=3.6550, fe=25.5358) | Val MRE(mm): 1.132 | SDR%(2/2.5/3/4): 86.6/92.1/95.8/98.3 | 93.8s
Epoch 109/128 | Train loss: 7.6144 (hm=0.3735, re=3.5968, fe=3.6442) | Val loss: 29.6815 (hm=0.3754, re=3.7874, fe=25.5188) | Val MRE(mm): 1.134 | SDR%(2/2.5/3/4): 86.6/92.0/95.6/98.2 | 93.7s
Epoch 110/128 | Train loss: 7.4457 (hm=0.3737, re=3.5704, fe=3.5016) | Val loss: 29.9332 (hm=0.3754, re=3.6885, fe=25.8694) | Val MRE(mm): 1.136 | SDR%(2/2.5/3/4): 86.7/91.9/95.6/98.2 | 93.7s
Epoch 111/128 | Train loss: 7.4962 (hm=0.3736, re=3.5764, fe=3.5462) | Val loss: 30.1218 (hm=0.3754, re=3.6744, fe=26.0721) | Val MRE(mm): 1.136 | SDR%(2/2.5/3/4): 86.6/92.0/95.6/98.2 | 93.9s
Epoch 112/128 | Train loss: 7.4726 (hm=0.3734, re=3.5761, fe=3.5230) | Val loss: 30.1568 (hm=0.3754, re=3.6486, fe=26.1328) | Val MRE(mm): 1.135 | SDR%(2/2.5/3/4): 86.6/91.9/95.6/98.2 | 93.8s
Epoch 113/128 | Train loss: 7.4747 (hm=0.3733, re=3.5816, fe=3.5198) | Val loss: 30.1303 (hm=0.3754, re=3.7039, fe=26.0510) | Val MRE(mm): 1.135 | SDR%(2/2.5/3/4): 86.5/92.0/95.6/98.2 | 93.8s
Epoch 114/128 | Train loss: 7.4071 (hm=0.3734, re=3.5757, fe=3.4580) | Val loss: 30.4575 (hm=0.3753, re=3.7387, fe=26.3435) | Val MRE(mm): 1.138 | SDR%(2/2.5/3/4): 86.4/91.9/95.6/98.2 | 93.8s
Epoch 115/128 | Train loss: 7.5250 (hm=0.3737, re=3.6017, fe=3.5497) | Val loss: 30.2221 (hm=0.3754, re=3.6932, fe=26.1535) | Val MRE(mm): 1.135 | SDR%(2/2.5/3/4): 86.5/92.0/95.5/98.2 | 93.9s
Epoch 116/128 | Train loss: 7.4783 (hm=0.3739, re=3.5587, fe=3.5457) | Val loss: 30.1999 (hm=0.3754, re=3.7061, fe=26.1185) | Val MRE(mm): 1.133 | SDR%(2/2.5/3/4): 86.5/92.0/95.6/98.2 | 93.9s
Epoch 117/128 | Train loss: 7.4314 (hm=0.3740, re=3.5782, fe=3.4792) | Val loss: 30.2912 (hm=0.3753, re=3.7457, fe=26.1701) | Val MRE(mm): 1.133 | SDR%(2/2.5/3/4): 86.7/92.0/95.6/98.2 | 93.8s
Epoch 118/128 | Train loss: 7.4442 (hm=0.3731, re=3.6005, fe=3.4705) | Val loss: 30.4548 (hm=0.3753, re=3.7006, fe=26.3789) | Val MRE(mm): 1.133 | SDR%(2/2.5/3/4): 86.8/91.9/95.5/98.2 | 93.8s
Epoch 119/128 | Train loss: 7.3816 (hm=0.3735, re=3.5701, fe=3.4381) | Val loss: 30.5846 (hm=0.3753, re=3.6855, fe=26.5238) | Val MRE(mm): 1.137 | SDR%(2/2.5/3/4): 86.5/92.0/95.6/98.2 | 93.9s
Epoch 120/128 | Train loss: 7.4800 (hm=0.3736, re=3.5624, fe=3.5441) | Val loss: 30.4326 (hm=0.3753, re=3.6865, fe=26.3708) | Val MRE(mm): 1.131 | SDR%(2/2.5/3/4): 86.7/92.1/95.6/98.3 | 93.8s
Epoch 121/128 | Train loss: 7.4806 (hm=0.3738, re=3.5694, fe=3.5375) | Val loss: 30.4727 (hm=0.3753, re=3.7106, fe=26.3868) | Val MRE(mm): 1.133 | SDR%(2/2.5/3/4): 86.6/92.0/95.6/98.2 | 93.7s
Epoch 122/128 | Train loss: 7.4130 (hm=0.3734, re=3.5776, fe=3.4620) | Val loss: 30.4519 (hm=0.3753, re=3.7285, fe=26.3481) | Val MRE(mm): 1.133 | SDR%(2/2.5/3/4): 86.5/92.1/95.6/98.2 | 93.8s
Epoch 123/128 | Train loss: 7.3540 (hm=0.3738, re=3.5575, fe=3.4227) | Val loss: 30.5352 (hm=0.3753, re=3.7411, fe=26.4188) | Val MRE(mm): 1.134 | SDR%(2/2.5/3/4): 86.6/91.9/95.6/98.2 | 93.7s
Epoch 124/128 | Train loss: 7.4403 (hm=0.3734, re=3.5706, fe=3.4962) | Val loss: 30.5580 (hm=0.3753, re=3.7128, fe=26.4698) | Val MRE(mm): 1.135 | SDR%(2/2.5/3/4): 86.5/92.0/95.6/98.2 | 93.8s
Epoch 125/128 | Train loss: 7.5275 (hm=0.3739, re=3.5619, fe=3.5917) | Val loss: 30.4133 (hm=0.3753, re=3.7010, fe=26.3369) | Val MRE(mm): 1.135 | SDR%(2/2.5/3/4): 86.6/92.0/95.7/98.2 | 93.7s
Epoch 126/128 | Train loss: 7.5093 (hm=0.3732, re=3.5918, fe=3.5443) | Val loss: 30.3884 (hm=0.3754, re=3.6812, fe=26.3319) | Val MRE(mm): 1.134 | SDR%(2/2.5/3/4): 86.5/92.1/95.6/98.2 | 93.7s
Epoch 127/128 | Train loss: 7.9546 (hm=0.3735, re=3.5787, fe=4.0025) | Val loss: 30.3322 (hm=0.3753, re=3.7029, fe=26.2539) | Val MRE(mm): 1.135 | SDR%(2/2.5/3/4): 86.6/92.0/95.7/98.2 | 93.8s
Epoch 128/128 | Train loss: 7.3509 (hm=0.3735, re=3.5632, fe=3.4142) | Val loss: 30.3394 (hm=0.3753, re=3.6942, fe=26.2699) | Val MRE(mm): 1.133 | SDR%(2/2.5/3/4): 86.6/92.0/95.7/98.2 | 93.8s
