/home/zeus/miniconda3/envs/cloudspace/lib/python3.12/site-packages/torch/nn/modules/transformer.py:392: UserWarning: enable_nested_tensor is True, but self.use_nested_tensor is False because encoder_layer.self_attn.batch_first was not True(use batch_first for better inference performance)
  warnings.warn(
Resumed weights from outputs/isbi2015/best_model.pt (missing=0, unexpected=0).
Checkpoint val_metrics: {'loss': 17.030692812601725, 'loss_hm': 0.3786947846412659, 'loss_re': 4.278548129399618, 'loss_fe': 12.373450012207032, 'mre_mm': 1.1878296544259055, 'mre_px': 11.878296310692503, 'sdr_2_0mm': 84.3859649122807, 'sdr_2_5mm': 91.33333333333333, 'sdr_3_0mm': 95.08771929824562, 'sdr_4_0mm': 97.6140350877193}
Epoch 01/200 | Train loss: 14.5212 (hm=0.3786, re=4.5397, fe=9.6029) | Val loss: 17.2019 (hm=0.3784, re=4.4267, fe=12.3968) | Val MRE(mm): 1.240 | SDR%(2/2.5/3/4): 83.2/90.4/94.5/97.7 | 98.0s
Epoch 02/200 | Train loss: 14.4263 (hm=0.3776, re=4.4902, fe=9.5585) | Val loss: 17.4748 (hm=0.3784, re=4.3829, fe=12.7134) | Val MRE(mm): 1.237 | SDR%(2/2.5/3/4): 83.9/91.0/94.9/97.7 | 93.8s
Epoch 03/200 | Train loss: 14.2499 (hm=0.3773, re=4.4577, fe=9.4149) | Val loss: 17.3814 (hm=0.3784, re=4.3061, fe=12.6969) | Val MRE(mm): 1.243 | SDR%(2/2.5/3/4): 84.3/91.2/94.8/97.7 | 94.0s
Epoch 04/200 | Train loss: 14.1586 (hm=0.3770, re=4.4533, fe=9.3283) | Val loss: 17.4987 (hm=0.3783, re=4.3452, fe=12.7752) | Val MRE(mm): 1.243 | SDR%(2/2.5/3/4): 83.6/91.1/94.7/97.8 | 94.1s
Epoch 05/200 | Train loss: 14.1181 (hm=0.3773, re=4.4194, fe=9.3214) | Val loss: 16.9401 (hm=0.3783, re=4.2372, fe=12.3247) | Val MRE(mm): 1.197 | SDR%(2/2.5/3/4): 84.9/91.4/95.0/97.8 | 94.2s
Epoch 06/200 | Train loss: 14.3008 (hm=0.3772, re=4.4623, fe=9.4614) | Val loss: 17.2544 (hm=0.3786, re=4.3913, fe=12.4845) | Val MRE(mm): 1.227 | SDR%(2/2.5/3/4): 84.1/90.6/94.8/97.8 | 94.2s
Epoch 07/200 | Train loss: 14.0280 (hm=0.3773, re=4.4561, fe=9.1946) | Val loss: 17.2596 (hm=0.3783, re=4.3554, fe=12.5260) | Val MRE(mm): 1.205 | SDR%(2/2.5/3/4): 84.7/91.0/94.7/97.5 | 94.2s
Epoch 08/200 | Train loss: 14.1448 (hm=0.3769, re=4.4305, fe=9.3373) | Val loss: 17.4168 (hm=0.3782, re=4.4791, fe=12.5595) | Val MRE(mm): 1.216 | SDR%(2/2.5/3/4): 84.6/91.2/95.1/97.7 | 94.1s
Epoch 09/200 | Train loss: 13.9843 (hm=0.3768, re=4.4118, fe=9.1957) | Val loss: 17.3252 (hm=0.3783, re=4.2747, fe=12.6722) | Val MRE(mm): 1.218 | SDR%(2/2.5/3/4): 83.5/90.4/94.6/97.6 | 94.1s
Epoch 10/200 | Train loss: 13.9104 (hm=0.3774, re=4.4208, fe=9.1122) | Val loss: 17.4183 (hm=0.3781, re=4.2683, fe=12.7719) | Val MRE(mm): 1.213 | SDR%(2/2.5/3/4): 84.4/90.9/94.6/97.8 | 94.2s
Epoch 11/200 | Train loss: 14.0729 (hm=0.3774, re=4.4520, fe=9.2435) | Val loss: 17.4131 (hm=0.3782, re=4.3829, fe=12.6520) | Val MRE(mm): 1.246 | SDR%(2/2.5/3/4): 84.0/91.0/94.7/97.7 | 94.2s
Epoch 12/200 | Train loss: 13.9520 (hm=0.3782, re=4.4322, fe=9.1416) | Val loss: 17.2477 (hm=0.3786, re=4.3198, fe=12.5493) | Val MRE(mm): 1.196 | SDR%(2/2.5/3/4): 85.2/91.4/95.2/97.6 | 94.1s
Epoch 13/200 | Train loss: 13.8330 (hm=0.3769, re=4.3977, fe=9.0584) | Val loss: 17.4493 (hm=0.3782, re=4.4189, fe=12.6522) | Val MRE(mm): 1.216 | SDR%(2/2.5/3/4): 84.5/90.7/94.4/97.7 | 94.2s
Epoch 14/200 | Train loss: 14.0604 (hm=0.3773, re=4.4171, fe=9.2660) | Val loss: 17.4637 (hm=0.3785, re=4.2457, fe=12.8396) | Val MRE(mm): 1.200 | SDR%(2/2.5/3/4): 84.6/91.2/95.0/97.7 | 94.1s
Epoch 15/200 | Train loss: 13.6579 (hm=0.3767, re=4.3814, fe=8.8998) | Val loss: 17.6235 (hm=0.3779, re=4.2717, fe=12.9739) | Val MRE(mm): 1.186 | SDR%(2/2.5/3/4): 85.3/91.4/94.9/97.9 | 94.1s
Epoch 16/200 | Train loss: 13.7730 (hm=0.3769, re=4.4002, fe=8.9959) | Val loss: 17.4182 (hm=0.3780, re=4.2661, fe=12.7740) | Val MRE(mm): 1.171 | SDR%(2/2.5/3/4): 85.3/91.3/95.1/97.8 | 94.2s
Epoch 17/200 | Train loss: 13.8194 (hm=0.3770, re=4.4105, fe=9.0319) | Val loss: 18.0351 (hm=0.3780, re=4.5121, fe=13.1450) | Val MRE(mm): 1.241 | SDR%(2/2.5/3/4): 83.7/91.1/94.7/97.7 | 94.1s
Epoch 18/200 | Train loss: 13.8093 (hm=0.3765, re=4.4208, fe=9.0120) | Val loss: 17.2975 (hm=0.3779, re=4.3609, fe=12.5587) | Val MRE(mm): 1.194 | SDR%(2/2.5/3/4): 84.7/91.0/94.6/97.5 | 94.1s
Epoch 19/200 | Train loss: 13.8075 (hm=0.3769, re=4.4033, fe=9.0273) | Val loss: 17.5028 (hm=0.3781, re=4.3018, fe=12.8229) | Val MRE(mm): 1.190 | SDR%(2/2.5/3/4): 85.0/91.2/94.8/97.8 | 94.2s
Epoch 20/200 | Train loss: 13.7663 (hm=0.3777, re=4.3833, fe=9.0052) | Val loss: 17.5050 (hm=0.3781, re=4.2757, fe=12.8512) | Val MRE(mm): 1.218 | SDR%(2/2.5/3/4): 84.4/91.4/94.9/98.0 | 94.1s
Epoch 21/200 | Train loss: 13.6163 (hm=0.3770, re=4.3762, fe=8.8631) | Val loss: 17.5693 (hm=0.3779, re=4.4359, fe=12.7556) | Val MRE(mm): 1.212 | SDR%(2/2.5/3/4): 84.7/91.4/94.8/97.9 | 94.0s
Epoch 22/200 | Train loss: 14.2265 (hm=0.3770, re=4.5051, fe=9.3444) | Val loss: 17.5676 (hm=0.3787, re=4.2321, fe=12.9568) | Val MRE(mm): 1.200 | SDR%(2/2.5/3/4): 84.2/91.2/94.7/97.8 | 94.0s
Epoch 23/200 | Train loss: 13.5852 (hm=0.3773, re=4.3817, fe=8.8262) | Val loss: 17.4468 (hm=0.3779, re=4.2646, fe=12.8043) | Val MRE(mm): 1.180 | SDR%(2/2.5/3/4): 85.1/91.7/95.3/97.9 | 94.0s
Epoch 24/200 | Train loss: 13.4697 (hm=0.3765, re=4.3648, fe=8.7284) | Val loss: 17.7764 (hm=0.3777, re=4.2266, fe=13.1721) | Val MRE(mm): 1.201 | SDR%(2/2.5/3/4): 84.6/91.0/94.7/97.8 | 94.0s
Epoch 25/200 | Train loss: 13.5737 (hm=0.3779, re=4.3788, fe=8.8170) | Val loss: 17.8445 (hm=0.3776, re=4.1787, fe=13.2883) | Val MRE(mm): 1.220 | SDR%(2/2.5/3/4): 84.1/90.8/94.6/97.6 | 94.0s
Epoch 26/200 | Train loss: 13.5397 (hm=0.3767, re=4.3690, fe=8.7940) | Val loss: 17.6265 (hm=0.3776, re=4.3037, fe=12.9452) | Val MRE(mm): 1.205 | SDR%(2/2.5/3/4): 84.6/90.9/94.9/97.8 | 94.0s
Epoch 27/200 | Train loss: 13.4334 (hm=0.3763, re=4.3687, fe=8.6884) | Val loss: 17.3335 (hm=0.3776, re=4.1193, fe=12.8365) | Val MRE(mm): 1.193 | SDR%(2/2.5/3/4): 84.9/91.4/94.9/97.8 | 94.0s
Epoch 28/200 | Train loss: 13.6245 (hm=0.3764, re=4.4041, fe=8.8440) | Val loss: 17.7792 (hm=0.3775, re=4.1536, fe=13.2480) | Val MRE(mm): 1.199 | SDR%(2/2.5/3/4): 84.2/91.0/95.1/97.9 | 93.9s
Epoch 29/200 | Train loss: 13.3553 (hm=0.3762, re=4.3308, fe=8.6483) | Val loss: 18.3535 (hm=0.3777, re=4.2638, fe=13.7120) | Val MRE(mm): 1.223 | SDR%(2/2.5/3/4): 84.2/91.4/95.3/98.1 | 94.0s
Epoch 30/200 | Train loss: 13.2629 (hm=0.3766, re=4.3831, fe=8.5033) | Val loss: 17.6183 (hm=0.3776, re=4.1281, fe=13.1125) | Val MRE(mm): 1.188 | SDR%(2/2.5/3/4): 84.4/91.4/95.0/98.0 | 93.9s
Epoch 31/200 | Train loss: 13.4518 (hm=0.3764, re=4.3548, fe=8.7205) | Val loss: 17.7455 (hm=0.3777, re=4.1440, fe=13.2238) | Val MRE(mm): 1.185 | SDR%(2/2.5/3/4): 84.6/91.6/95.2/97.9 | 94.1s
Epoch 32/200 | Train loss: 13.2255 (hm=0.3768, re=4.3309, fe=8.5178) | Val loss: 18.0358 (hm=0.3775, re=4.2944, fe=13.3639) | Val MRE(mm): 1.209 | SDR%(2/2.5/3/4): 84.4/90.8/94.9/98.0 | 94.0s
Epoch 33/200 | Train loss: 13.0386 (hm=0.3763, re=4.2988, fe=8.3635) | Val loss: 18.0221 (hm=0.3776, re=4.1140, fe=13.5305) | Val MRE(mm): 1.190 | SDR%(2/2.5/3/4): 85.5/91.8/95.3/98.1 | 94.0s
Epoch 34/200 | Train loss: 13.1613 (hm=0.3763, re=4.3590, fe=8.4261) | Val loss: 17.7141 (hm=0.3775, re=4.2508, fe=13.0858) | Val MRE(mm): 1.176 | SDR%(2/2.5/3/4): 85.4/91.7/95.1/98.1 | 93.9s
Epoch 35/200 | Train loss: 13.1629 (hm=0.3763, re=4.3793, fe=8.4072) | Val loss: 18.1482 (hm=0.3777, re=4.2548, fe=13.5157) | Val MRE(mm): 1.215 | SDR%(2/2.5/3/4): 84.3/91.3/95.1/98.0 | 94.0s
Epoch 36/200 | Train loss: 12.9207 (hm=0.3769, re=4.2854, fe=8.2584) | Val loss: 18.3675 (hm=0.3779, re=4.1565, fe=13.8332) | Val MRE(mm): 1.222 | SDR%(2/2.5/3/4): 84.3/91.2/94.8/97.8 | 94.0s
Epoch 37/200 | Train loss: 12.9677 (hm=0.3768, re=4.3310, fe=8.2598) | Val loss: 18.1318 (hm=0.3774, re=4.2927, fe=13.4617) | Val MRE(mm): 1.185 | SDR%(2/2.5/3/4): 85.7/92.0/95.3/98.0 | 94.0s
Epoch 38/200 | Train loss: 12.9793 (hm=0.3762, re=4.2779, fe=8.3251) | Val loss: 18.1661 (hm=0.3774, re=4.1290, fe=13.6597) | Val MRE(mm): 1.208 | SDR%(2/2.5/3/4): 83.9/91.1/94.8/97.9 | 94.0s
Epoch 39/200 | Train loss: 13.1248 (hm=0.3762, re=4.3601, fe=8.3885) | Val loss: 17.5986 (hm=0.3775, re=4.1417, fe=13.0794) | Val MRE(mm): 1.179 | SDR%(2/2.5/3/4): 85.4/92.0/95.2/98.1 | 93.9s
Epoch 40/200 | Train loss: 13.1633 (hm=0.3759, re=4.3236, fe=8.4637) | Val loss: 17.9729 (hm=0.3774, re=4.2522, fe=13.3433) | Val MRE(mm): 1.197 | SDR%(2/2.5/3/4): 84.8/91.0/94.9/97.8 | 94.0s
Epoch 41/200 | Train loss: 13.1865 (hm=0.3762, re=4.3554, fe=8.4549) | Val loss: 18.1232 (hm=0.3772, re=4.1960, fe=13.5499) | Val MRE(mm): 1.206 | SDR%(2/2.5/3/4): 84.5/91.0/94.9/97.9 | 94.0s
Epoch 42/200 | Train loss: 13.5339 (hm=0.3758, re=4.3514, fe=8.8067) | Val loss: 17.9918 (hm=0.3770, re=4.1731, fe=13.4418) | Val MRE(mm): 1.195 | SDR%(2/2.5/3/4): 85.0/91.5/95.0/98.2 | 93.9s
Epoch 43/200 | Train loss: 12.9685 (hm=0.3760, re=4.3302, fe=8.2623) | Val loss: 18.1691 (hm=0.3772, re=4.1364, fe=13.6555) | Val MRE(mm): 1.202 | SDR%(2/2.5/3/4): 84.9/90.8/94.7/98.0 | 94.0s
Epoch 44/200 | Train loss: 12.9297 (hm=0.3764, re=4.2997, fe=8.2536) | Val loss: 18.3031 (hm=0.3773, re=4.3514, fe=13.5744) | Val MRE(mm): 1.191 | SDR%(2/2.5/3/4): 85.8/92.1/95.3/98.1 | 94.1s
Epoch 45/200 | Train loss: 13.1842 (hm=0.3759, re=4.3420, fe=8.4663) | Val loss: 17.9960 (hm=0.3772, re=4.3005, fe=13.3184) | Val MRE(mm): 1.182 | SDR%(2/2.5/3/4): 85.3/91.3/94.8/97.7 | 94.0s
Epoch 46/200 | Train loss: 12.7205 (hm=0.3755, re=4.3021, fe=8.0428) | Val loss: 18.3852 (hm=0.3770, re=4.1675, fe=13.8407) | Val MRE(mm): 1.213 | SDR%(2/2.5/3/4): 84.6/90.7/94.8/98.0 | 94.0s
Epoch 47/200 | Train loss: 12.6645 (hm=0.3754, re=4.2661, fe=8.0230) | Val loss: 18.2176 (hm=0.3770, re=4.1920, fe=13.6485) | Val MRE(mm): 1.198 | SDR%(2/2.5/3/4): 84.6/91.3/94.9/97.8 | 94.2s
Epoch 48/200 | Train loss: 12.7570 (hm=0.3758, re=4.2567, fe=8.1245) | Val loss: 17.6620 (hm=0.3771, re=4.1131, fe=13.1717) | Val MRE(mm): 1.191 | SDR%(2/2.5/3/4): 84.7/91.6/95.3/97.9 | 94.1s
Epoch 49/200 | Train loss: 12.6567 (hm=0.3759, re=4.2842, fe=7.9967) | Val loss: 18.9277 (hm=0.3770, re=4.0958, fe=14.4549) | Val MRE(mm): 1.202 | SDR%(2/2.5/3/4): 84.7/91.2/95.1/97.9 | 94.1s
Epoch 50/200 | Train loss: 12.6168 (hm=0.3763, re=4.2591, fe=7.9814) | Val loss: 18.6535 (hm=0.3773, re=4.0823, fe=14.1939) | Val MRE(mm): 1.219 | SDR%(2/2.5/3/4): 84.1/91.0/94.6/97.7 | 93.9s
Epoch 51/200 | Train loss: 12.8731 (hm=0.3755, re=4.2929, fe=8.2047) | Val loss: 17.7170 (hm=0.3772, re=4.1836, fe=13.1563) | Val MRE(mm): 1.174 | SDR%(2/2.5/3/4): 85.0/91.9/95.4/98.1 | 93.9s
Epoch 52/200 | Train loss: 12.9821 (hm=0.3757, re=4.3173, fe=8.2891) | Val loss: 18.2742 (hm=0.3773, re=4.1467, fe=13.7502) | Val MRE(mm): 1.173 | SDR%(2/2.5/3/4): 85.1/91.3/95.4/98.0 | 93.9s
Epoch 53/200 | Train loss: 12.5936 (hm=0.3758, re=4.2586, fe=7.9591) | Val loss: 18.5786 (hm=0.3774, re=4.1934, fe=14.0078) | Val MRE(mm): 1.203 | SDR%(2/2.5/3/4): 84.2/91.1/94.9/97.8 | 94.0s
Epoch 54/200 | Train loss: 12.4926 (hm=0.3758, re=4.2680, fe=7.8488) | Val loss: 18.4048 (hm=0.3773, re=4.2504, fe=13.7770) | Val MRE(mm): 1.182 | SDR%(2/2.5/3/4): 84.7/91.5/95.4/98.0 | 94.0s
Epoch 55/200 | Train loss: 12.8838 (hm=0.3756, re=4.2706, fe=8.2376) | Val loss: 17.9746 (hm=0.3772, re=4.1291, fe=13.4683) | Val MRE(mm): 1.180 | SDR%(2/2.5/3/4): 85.1/92.0/95.6/98.0 | 93.9s
Epoch 56/200 | Train loss: 12.6819 (hm=0.3759, re=4.2940, fe=8.0120) | Val loss: 18.5819 (hm=0.3772, re=4.2011, fe=14.0036) | Val MRE(mm): 1.200 | SDR%(2/2.5/3/4): 84.2/90.5/94.7/97.8 | 94.0s
Epoch 57/200 | Train loss: 12.8403 (hm=0.3757, re=4.2783, fe=8.1862) | Val loss: 18.7081 (hm=0.3771, re=4.1042, fe=14.2269) | Val MRE(mm): 1.193 | SDR%(2/2.5/3/4): 84.7/91.3/95.4/98.0 | 94.0s
Epoch 58/200 | Train loss: 12.5366 (hm=0.3758, re=4.2711, fe=7.8897) | Val loss: 18.4729 (hm=0.3768, re=4.0776, fe=14.0185) | Val MRE(mm): 1.183 | SDR%(2/2.5/3/4): 85.2/91.0/94.7/97.9 | 93.9s
Epoch 59/200 | Train loss: 12.4202 (hm=0.3756, re=4.2948, fe=7.7498) | Val loss: 18.6442 (hm=0.3769, re=4.2266, fe=14.0407) | Val MRE(mm): 1.183 | SDR%(2/2.5/3/4): 84.4/91.5/95.2/98.0 | 94.2s
Epoch 60/200 | Train loss: 12.4929 (hm=0.3754, re=4.2829, fe=7.8345) | Val loss: 18.9581 (hm=0.3771, re=4.2313, fe=14.3497) | Val MRE(mm): 1.228 | SDR%(2/2.5/3/4): 84.1/90.7/94.4/97.7 | 93.9s
Epoch 61/200 | Train loss: 12.4091 (hm=0.3757, re=4.2432, fe=7.7901) | Val loss: 18.8971 (hm=0.3772, re=4.3326, fe=14.1874) | Val MRE(mm): 1.177 | SDR%(2/2.5/3/4): 84.8/91.3/95.1/97.9 | 93.9s
Epoch 62/200 | Train loss: 12.2588 (hm=0.3756, re=4.2274, fe=7.6558) | Val loss: 18.8168 (hm=0.3769, re=4.1545, fe=14.2854) | Val MRE(mm): 1.202 | SDR%(2/2.5/3/4): 84.2/91.2/95.1/97.9 | 93.9s
Epoch 63/200 | Train loss: 12.3254 (hm=0.3757, re=4.2548, fe=7.6949) | Val loss: 18.9228 (hm=0.3769, re=4.2779, fe=14.2680) | Val MRE(mm): 1.200 | SDR%(2/2.5/3/4): 84.4/91.2/94.9/97.6 | 94.0s
Epoch 64/200 | Train loss: 12.4943 (hm=0.3758, re=4.2367, fe=7.8818) | Val loss: 19.2090 (hm=0.3773, re=4.5001, fe=14.3316) | Val MRE(mm): 1.221 | SDR%(2/2.5/3/4): 84.0/90.5/94.0/97.1 | 94.0s
Epoch 65/200 | Train loss: 12.3546 (hm=0.3757, re=4.2911, fe=7.6877) | Val loss: 19.0797 (hm=0.3770, re=4.2018, fe=14.5009) | Val MRE(mm): 1.194 | SDR%(2/2.5/3/4): 83.9/91.1/94.8/97.9 | 94.2s
Epoch 66/200 | Train loss: 12.4269 (hm=0.3759, re=4.2711, fe=7.7800) | Val loss: 18.9615 (hm=0.3774, re=4.0874, fe=14.4968) | Val MRE(mm): 1.226 | SDR%(2/2.5/3/4): 83.6/90.9/94.5/97.9 | 94.0s
Epoch 67/200 | Train loss: 12.0894 (hm=0.3757, re=4.2223, fe=7.4914) | Val loss: 19.0813 (hm=0.3770, re=4.1391, fe=14.5651) | Val MRE(mm): 1.187 | SDR%(2/2.5/3/4): 85.0/91.5/94.9/97.9 | 93.9s
Epoch 68/200 | Train loss: 12.2323 (hm=0.3761, re=4.2579, fe=7.5983) | Val loss: 19.0973 (hm=0.3771, re=4.2600, fe=14.4602) | Val MRE(mm): 1.184 | SDR%(2/2.5/3/4): 84.9/91.3/94.8/98.0 | 94.1s
Epoch 69/200 | Train loss: 12.1487 (hm=0.3753, re=4.2375, fe=7.5358) | Val loss: 18.5841 (hm=0.3770, re=4.0967, fe=14.1104) | Val MRE(mm): 1.186 | SDR%(2/2.5/3/4): 84.6/91.4/94.7/97.9 | 93.9s
Epoch 70/200 | Train loss: 12.1000 (hm=0.3758, re=4.2114, fe=7.5128) | Val loss: 18.9635 (hm=0.3769, re=4.2737, fe=14.3129) | Val MRE(mm): 1.179 | SDR%(2/2.5/3/4): 84.9/91.3/95.1/98.0 | 93.8s
Epoch 71/200 | Train loss: 12.1893 (hm=0.3758, re=4.2245, fe=7.5891) | Val loss: 18.7487 (hm=0.3770, re=4.0615, fe=14.3102) | Val MRE(mm): 1.172 | SDR%(2/2.5/3/4): 85.6/92.1/95.6/98.0 | 94.0s
Epoch 72/200 | Train loss: 12.1829 (hm=0.3756, re=4.2648, fe=7.5425) | Val loss: 18.9193 (hm=0.3773, re=4.2237, fe=14.3184) | Val MRE(mm): 1.197 | SDR%(2/2.5/3/4): 85.1/91.5/94.7/97.6 | 94.1s
Epoch 73/200 | Train loss: 12.0504 (hm=0.3761, re=4.2264, fe=7.4478) | Val loss: 18.9850 (hm=0.3771, re=4.2035, fe=14.4045) | Val MRE(mm): 1.162 | SDR%(2/2.5/3/4): 85.6/91.9/95.1/98.0 | 94.0s
Epoch 74/200 | Train loss: 12.2393 (hm=0.3757, re=4.2197, fe=7.6439) | Val loss: 19.1153 (hm=0.3770, re=4.0718, fe=14.6665) | Val MRE(mm): 1.210 | SDR%(2/2.5/3/4): 85.0/91.6/94.9/97.9 | 94.0s
Epoch 75/200 | Train loss: 12.0243 (hm=0.3755, re=4.2225, fe=7.4263) | Val loss: 18.9514 (hm=0.3769, re=4.1883, fe=14.3862) | Val MRE(mm): 1.177 | SDR%(2/2.5/3/4): 85.5/91.6/95.2/98.1 | 93.9s
Epoch 76/200 | Train loss: 12.2695 (hm=0.3758, re=4.2615, fe=7.6322) | Val loss: 19.1517 (hm=0.3771, re=4.2955, fe=14.4791) | Val MRE(mm): 1.222 | SDR%(2/2.5/3/4): 84.1/90.6/94.5/97.6 | 94.0s
Epoch 77/200 | Train loss: 12.3425 (hm=0.3757, re=4.2481, fe=7.7187) | Val loss: 19.5602 (hm=0.3769, re=4.2720, fe=14.9113) | Val MRE(mm): 1.204 | SDR%(2/2.5/3/4): 84.4/90.9/94.7/97.6 | 93.9s
Epoch 78/200 | Train loss: 11.8643 (hm=0.3759, re=4.1975, fe=7.2910) | Val loss: 19.2779 (hm=0.3767, re=4.1149, fe=14.7862) | Val MRE(mm): 1.169 | SDR%(2/2.5/3/4): 85.5/91.8/95.4/98.1 | 94.0s
Epoch 79/200 | Train loss: 12.0660 (hm=0.3754, re=4.2010, fe=7.4897) | Val loss: 19.0103 (hm=0.3769, re=4.1355, fe=14.4979) | Val MRE(mm): 1.184 | SDR%(2/2.5/3/4): 85.3/92.0/95.3/98.0 | 93.9s
Epoch 80/200 | Train loss: 11.9027 (hm=0.3759, re=4.1764, fe=7.3504) | Val loss: 19.1357 (hm=0.3773, re=4.2062, fe=14.5522) | Val MRE(mm): 1.178 | SDR%(2/2.5/3/4): 85.3/91.4/95.3/98.0 | 94.0s
Epoch 81/200 | Train loss: 11.9355 (hm=0.3755, re=4.1588, fe=7.4012) | Val loss: 18.7747 (hm=0.3772, re=4.0557, fe=14.3418) | Val MRE(mm): 1.175 | SDR%(2/2.5/3/4): 85.4/92.2/95.6/98.1 | 93.9s
Epoch 82/200 | Train loss: 12.2627 (hm=0.3759, re=4.1998, fe=7.6870) | Val loss: 19.3038 (hm=0.3779, re=4.3319, fe=14.5940) | Val MRE(mm): 1.269 | SDR%(2/2.5/3/4): 84.1/90.2/94.5/97.3 | 93.9s
Epoch 83/200 | Train loss: 12.1136 (hm=0.3761, re=4.2415, fe=7.4960) | Val loss: 19.1338 (hm=0.3774, re=4.0877, fe=14.6687) | Val MRE(mm): 1.179 | SDR%(2/2.5/3/4): 85.1/91.4/95.1/98.0 | 93.8s
Epoch 84/200 | Train loss: 12.3301 (hm=0.3757, re=4.2208, fe=7.7336) | Val loss: 19.2103 (hm=0.3770, re=4.0551, fe=14.7782) | Val MRE(mm): 1.200 | SDR%(2/2.5/3/4): 84.3/91.0/94.9/98.1 | 93.9s
Epoch 85/200 | Train loss: 11.9337 (hm=0.3756, re=4.1908, fe=7.3674) | Val loss: 19.0614 (hm=0.3769, re=4.0147, fe=14.6697) | Val MRE(mm): 1.211 | SDR%(2/2.5/3/4): 84.5/90.8/94.9/97.9 | 93.8s
Epoch 86/200 | Train loss: 11.6582 (hm=0.3756, re=4.1465, fe=7.1361) | Val loss: 19.1332 (hm=0.3770, re=4.0142, fe=14.7419) | Val MRE(mm): 1.176 | SDR%(2/2.5/3/4): 85.3/91.4/95.1/98.1 | 93.8s
Epoch 87/200 | Train loss: 11.8036 (hm=0.3760, re=4.1703, fe=7.2573) | Val loss: 18.7988 (hm=0.3772, re=4.1421, fe=14.2795) | Val MRE(mm): 1.156 | SDR%(2/2.5/3/4): 86.0/92.0/95.3/98.2 | 93.8s
Epoch 88/200 | Train loss: 12.2221 (hm=0.3762, re=4.1919, fe=7.6540) | Val loss: 18.5109 (hm=0.3773, re=4.0176, fe=14.1160) | Val MRE(mm): 1.198 | SDR%(2/2.5/3/4): 84.7/91.2/94.8/97.8 | 93.7s
Epoch 89/200 | Train loss: 11.8272 (hm=0.3758, re=4.1669, fe=7.2845) | Val loss: 18.9755 (hm=0.3775, re=3.9960, fe=14.6021) | Val MRE(mm): 1.162 | SDR%(2/2.5/3/4): 85.4/91.6/95.2/98.0 | 93.8s
Epoch 90/200 | Train loss: 11.7714 (hm=0.3759, re=4.2192, fe=7.1763) | Val loss: 19.4068 (hm=0.3771, re=4.1215, fe=14.9082) | Val MRE(mm): 1.177 | SDR%(2/2.5/3/4): 85.8/91.6/95.2/98.2 | 93.9s
Epoch 91/200 | Train loss: 11.9842 (hm=0.3758, re=4.1947, fe=7.4137) | Val loss: 19.4375 (hm=0.3769, re=4.0745, fe=14.9860) | Val MRE(mm): 1.190 | SDR%(2/2.5/3/4): 85.2/91.8/95.3/98.1 | 93.8s
Epoch 92/200 | Train loss: 11.6973 (hm=0.3757, re=4.1690, fe=7.1526) | Val loss: 19.6108 (hm=0.3770, re=4.2301, fe=15.0037) | Val MRE(mm): 1.185 | SDR%(2/2.5/3/4): 84.7/91.6/94.8/98.1 | 93.8s
Epoch 93/200 | Train loss: 12.0181 (hm=0.3758, re=4.1453, fe=7.4970) | Val loss: 19.3133 (hm=0.3770, re=4.0661, fe=14.8703) | Val MRE(mm): 1.182 | SDR%(2/2.5/3/4): 85.9/92.2/95.4/98.1 | 93.9s
Epoch 94/200 | Train loss: 12.0675 (hm=0.3758, re=4.1873, fe=7.5044) | Val loss: 19.3867 (hm=0.3770, re=3.9940, fe=15.0157) | Val MRE(mm): 1.219 | SDR%(2/2.5/3/4): 84.7/91.2/95.1/98.0 | 94.0s
Epoch 95/200 | Train loss: 12.4625 (hm=0.3761, re=4.1524, fe=7.9340) | Val loss: 18.5149 (hm=0.3771, re=4.0093, fe=14.1285) | Val MRE(mm): 1.171 | SDR%(2/2.5/3/4): 85.1/91.2/95.2/97.8 | 93.8s
Epoch 96/200 | Train loss: 11.5708 (hm=0.3757, re=4.1332, fe=7.0619) | Val loss: 19.2809 (hm=0.3770, re=3.9511, fe=14.9527) | Val MRE(mm): 1.165 | SDR%(2/2.5/3/4): 86.3/92.6/95.8/98.1 | 93.9s
Epoch 97/200 | Train loss: 12.0955 (hm=0.3754, re=4.1432, fe=7.5768) | Val loss: 18.6627 (hm=0.3771, re=4.0112, fe=14.2743) | Val MRE(mm): 1.161 | SDR%(2/2.5/3/4): 85.9/91.6/95.3/98.1 | 93.8s
Epoch 98/200 | Train loss: 12.9545 (hm=0.3756, re=4.2754, fe=8.3036) | Val loss: 19.1783 (hm=0.3773, re=4.0937, fe=14.7072) | Val MRE(mm): 1.186 | SDR%(2/2.5/3/4): 84.7/91.3/95.1/98.1 | 93.8s
Epoch 99/200 | Train loss: 12.2766 (hm=0.3756, re=4.2305, fe=7.6704) | Val loss: 19.3935 (hm=0.3773, re=4.0996, fe=14.9166) | Val MRE(mm): 1.161 | SDR%(2/2.5/3/4): 85.7/91.8/95.3/97.9 | 93.8s
Epoch 100/200 | Train loss: 11.8885 (hm=0.3756, re=4.1888, fe=7.3241) | Val loss: 19.3030 (hm=0.3772, re=4.0248, fe=14.9011) | Val MRE(mm): 1.152 | SDR%(2/2.5/3/4): 85.6/92.2/95.7/98.1 | 93.8s
Epoch 101/200 | Train loss: 11.5917 (hm=0.3757, re=4.2088, fe=7.0072) | Val loss: 19.6218 (hm=0.3770, re=4.0602, fe=15.1845) | Val MRE(mm): 1.172 | SDR%(2/2.5/3/4): 85.8/92.1/95.4/98.1 | 93.7s
Epoch 102/200 | Train loss: 12.0908 (hm=0.3756, re=4.1980, fe=7.5172) | Val loss: 19.2522 (hm=0.3767, re=4.1931, fe=14.6823) | Val MRE(mm): 1.160 | SDR%(2/2.5/3/4): 85.4/91.8/95.5/98.0 | 93.8s
Epoch 103/200 | Train loss: 11.6774 (hm=0.3751, re=4.1520, fe=7.1503) | Val loss: 19.9113 (hm=0.3767, re=4.1215, fe=15.4132) | Val MRE(mm): 1.153 | SDR%(2/2.5/3/4): 86.1/92.4/95.7/98.3 | 93.9s
Epoch 104/200 | Train loss: 12.8844 (hm=0.3755, re=4.3069, fe=8.2019) | Val loss: 18.9311 (hm=0.3779, re=4.2630, fe=14.2902) | Val MRE(mm): 1.200 | SDR%(2/2.5/3/4): 85.2/91.6/94.9/97.8 | 93.8s
Epoch 105/200 | Train loss: 14.0934 (hm=0.3763, re=4.4492, fe=9.2679) | Val loss: 18.6368 (hm=0.3777, re=4.1394, fe=14.1197) | Val MRE(mm): 1.202 | SDR%(2/2.5/3/4): 85.5/91.5/95.2/98.0 | 93.9s
Epoch 106/200 | Train loss: 12.7359 (hm=0.3756, re=4.3332, fe=8.0272) | Val loss: 18.9671 (hm=0.3769, re=4.0056, fe=14.5845) | Val MRE(mm): 1.185 | SDR%(2/2.5/3/4): 85.4/91.8/95.2/98.0 | 93.9s
Epoch 107/200 | Train loss: 11.8873 (hm=0.3751, re=4.1854, fe=7.3268) | Val loss: 19.7698 (hm=0.3769, re=4.3437, fe=15.0492) | Val MRE(mm): 1.204 | SDR%(2/2.5/3/4): 85.2/91.3/94.9/97.9 | 93.9s
Epoch 108/200 | Train loss: 11.8007 (hm=0.3749, re=4.1599, fe=7.2659) | Val loss: 19.7679 (hm=0.3767, re=4.2515, fe=15.1397) | Val MRE(mm): 1.250 | SDR%(2/2.5/3/4): 84.9/91.6/95.0/97.9 | 93.9s
Epoch 109/200 | Train loss: 11.8381 (hm=0.3754, re=4.1560, fe=7.3067) | Val loss: 19.9060 (hm=0.3770, re=4.2402, fe=15.2888) | Val MRE(mm): 1.219 | SDR%(2/2.5/3/4): 86.3/91.8/95.0/97.8 | 93.9s
Epoch 110/200 | Train loss: 11.6280 (hm=0.3756, re=4.1923, fe=7.0601) | Val loss: 19.8277 (hm=0.3774, re=3.9914, fe=15.4589) | Val MRE(mm): 1.189 | SDR%(2/2.5/3/4): 85.6/91.5/95.0/98.0 | 93.9s
Epoch 111/200 | Train loss: 11.6606 (hm=0.3758, re=4.1312, fe=7.1536) | Val loss: 19.2252 (hm=0.3769, re=4.1431, fe=14.7051) | Val MRE(mm): 1.184 | SDR%(2/2.5/3/4): 85.8/91.3/95.0/98.0 | 94.0s
Epoch 112/200 | Train loss: 11.4707 (hm=0.3754, re=4.1094, fe=6.9859) | Val loss: 19.9787 (hm=0.3772, re=4.2874, fe=15.3141) | Val MRE(mm): 1.179 | SDR%(2/2.5/3/4): 85.4/91.1/94.8/98.0 | 94.0s
Epoch 113/200 | Train loss: 11.7697 (hm=0.3751, re=4.1626, fe=7.2320) | Val loss: 20.1731 (hm=0.3773, re=4.0701, fe=15.7256) | Val MRE(mm): 1.193 | SDR%(2/2.5/3/4): 85.4/91.2/94.9/97.9 | 94.1s
Epoch 114/200 | Train loss: 11.5544 (hm=0.3769, re=4.1566, fe=7.0209) | Val loss: 19.6364 (hm=0.3790, re=4.2408, fe=15.0167) | Val MRE(mm): 1.169 | SDR%(2/2.5/3/4): 85.9/91.6/95.4/97.9 | 93.9s
Epoch 115/200 | Train loss: 11.5800 (hm=0.3770, re=4.1684, fe=7.0345) | Val loss: 19.8120 (hm=0.3778, re=4.1668, fe=15.2673) | Val MRE(mm): 1.167 | SDR%(2/2.5/3/4): 85.5/91.6/95.4/98.2 | 94.0s
Epoch 116/200 | Train loss: 11.5242 (hm=0.3764, re=4.1631, fe=6.9846) | Val loss: 20.2174 (hm=0.3771, re=4.0359, fe=15.8044) | Val MRE(mm): 1.194 | SDR%(2/2.5/3/4): 85.3/91.3/95.1/98.0 | 94.0s
Epoch 117/200 | Train loss: 11.4880 (hm=0.3761, re=4.1199, fe=6.9920) | Val loss: 19.7747 (hm=0.3774, re=3.9928, fe=15.4045) | Val MRE(mm): 1.174 | SDR%(2/2.5/3/4): 85.7/91.7/94.8/98.1 | 94.0s
Epoch 118/200 | Train loss: 11.6862 (hm=0.3757, re=4.1650, fe=7.1455) | Val loss: 19.6056 (hm=0.3774, re=3.9654, fe=15.2627) | Val MRE(mm): 1.172 | SDR%(2/2.5/3/4): 85.8/91.8/95.3/98.1 | 94.0s
Epoch 119/200 | Train loss: 11.3737 (hm=0.3761, re=4.1000, fe=6.8977) | Val loss: 20.4214 (hm=0.3774, re=4.1342, fe=15.9097) | Val MRE(mm): 1.175 | SDR%(2/2.5/3/4): 85.4/91.8/95.5/98.0 | 94.1s
Epoch 120/200 | Train loss: 11.3977 (hm=0.3761, re=4.1401, fe=6.8815) | Val loss: 19.3315 (hm=0.3772, re=4.0217, fe=14.9326) | Val MRE(mm): 1.169 | SDR%(2/2.5/3/4): 85.6/91.9/95.4/98.0 | 93.9s
Epoch 121/200 | Train loss: 11.1655 (hm=0.3759, re=4.0518, fe=6.7377) | Val loss: 19.8558 (hm=0.3771, re=4.0123, fe=15.4663) | Val MRE(mm): 1.152 | SDR%(2/2.5/3/4): 86.4/91.9/95.3/97.9 | 93.9s
Epoch 122/200 | Train loss: 11.1600 (hm=0.3753, re=4.1084, fe=6.6762) | Val loss: 19.5378 (hm=0.3766, re=4.0177, fe=15.1434) | Val MRE(mm): 1.162 | SDR%(2/2.5/3/4): 86.0/91.9/95.0/98.2 | 94.0s
Epoch 123/200 | Train loss: 11.2472 (hm=0.3755, re=4.0533, fe=6.8184) | Val loss: 19.8192 (hm=0.3767, re=4.2509, fe=15.1916) | Val MRE(mm): 1.156 | SDR%(2/2.5/3/4): 86.1/92.1/95.5/98.0 | 94.0s
Epoch 124/200 | Train loss: 11.2258 (hm=0.3751, re=4.0646, fe=6.7861) | Val loss: 19.6417 (hm=0.3765, re=4.1856, fe=15.0796) | Val MRE(mm): 1.191 | SDR%(2/2.5/3/4): 85.6/91.6/95.4/98.0 | 94.0s
Epoch 125/200 | Train loss: 12.1266 (hm=0.3756, re=4.0666, fe=7.6844) | Val loss: 17.6004 (hm=0.3766, re=3.9735, fe=13.2503) | Val MRE(mm): 1.165 | SDR%(2/2.5/3/4): 86.1/92.0/95.4/98.0 | 93.9s
Epoch 126/200 | Train loss: 11.2738 (hm=0.3750, re=4.0881, fe=6.8107) | Val loss: 19.6476 (hm=0.3766, re=4.0447, fe=15.2264) | Val MRE(mm): 1.175 | SDR%(2/2.5/3/4): 85.1/91.5/95.3/98.0 | 93.9s
Epoch 127/200 | Train loss: 11.1611 (hm=0.3752, re=4.1178, fe=6.6680) | Val loss: 20.1144 (hm=0.3766, re=3.9292, fe=15.8086) | Val MRE(mm): 1.151 | SDR%(2/2.5/3/4): 85.6/92.1/95.3/98.0 | 93.9s
Epoch 128/200 | Train loss: 11.1714 (hm=0.3752, re=4.0936, fe=6.7026) | Val loss: 19.9024 (hm=0.3767, re=4.0244, fe=15.5014) | Val MRE(mm): 1.163 | SDR%(2/2.5/3/4): 85.9/92.0/95.3/98.2 | 94.0s
Epoch 129/200 | Train loss: 11.2167 (hm=0.3751, re=4.0626, fe=6.7791) | Val loss: 20.5337 (hm=0.3765, re=4.1000, fe=16.0573) | Val MRE(mm): 1.210 | SDR%(2/2.5/3/4): 84.9/91.3/95.0/97.8 | 94.0s
Epoch 130/200 | Train loss: 11.1826 (hm=0.3747, re=4.0924, fe=6.7155) | Val loss: 20.3927 (hm=0.3764, re=3.9986, fe=16.0176) | Val MRE(mm): 1.169 | SDR%(2/2.5/3/4): 85.5/91.7/95.3/98.1 | 94.1s
Epoch 131/200 | Train loss: 11.0667 (hm=0.3751, re=4.0666, fe=6.6250) | Val loss: 20.2663 (hm=0.3763, re=4.1101, fe=15.7799) | Val MRE(mm): 1.181 | SDR%(2/2.5/3/4): 85.7/92.0/95.1/98.0 | 93.9s
Epoch 132/200 | Train loss: 11.0088 (hm=0.3748, re=4.0452, fe=6.5888) | Val loss: 19.8049 (hm=0.3763, re=3.9839, fe=15.4447) | Val MRE(mm): 1.165 | SDR%(2/2.5/3/4): 86.0/92.1/95.5/98.1 | 93.9s
Epoch 133/200 | Train loss: 11.0979 (hm=0.3748, re=4.0681, fe=6.6550) | Val loss: 20.4941 (hm=0.3762, re=4.1181, fe=15.9997) | Val MRE(mm): 1.171 | SDR%(2/2.5/3/4): 85.6/91.9/95.5/98.1 | 93.9s
Epoch 134/200 | Train loss: 10.9835 (hm=0.3747, re=4.0212, fe=6.5876) | Val loss: 20.2568 (hm=0.3762, re=3.9194, fe=15.9612) | Val MRE(mm): 1.173 | SDR%(2/2.5/3/4): 85.7/91.9/95.4/98.0 | 94.0s
Epoch 135/200 | Train loss: 11.3496 (hm=0.3743, re=4.1275, fe=6.8477) | Val loss: 21.0081 (hm=0.3763, re=4.1006, fe=16.5312) | Val MRE(mm): 1.191 | SDR%(2/2.5/3/4): 84.7/91.0/94.5/97.6 | 94.0s
Epoch 136/200 | Train loss: 10.8872 (hm=0.3749, re=4.0577, fe=6.4545) | Val loss: 19.8573 (hm=0.3763, re=3.9382, fe=15.5429) | Val MRE(mm): 1.154 | SDR%(2/2.5/3/4): 86.2/92.1/95.5/98.1 | 93.9s
Epoch 137/200 | Train loss: 10.9123 (hm=0.3744, re=4.0330, fe=6.5049) | Val loss: 20.8891 (hm=0.3763, re=3.9134, fe=16.5993) | Val MRE(mm): 1.181 | SDR%(2/2.5/3/4): 85.3/91.5/95.5/98.2 | 94.0s
Epoch 138/200 | Train loss: 11.1622 (hm=0.3750, re=4.0687, fe=6.7186) | Val loss: 20.7842 (hm=0.3763, re=3.8291, fe=16.5788) | Val MRE(mm): 1.193 | SDR%(2/2.5/3/4): 85.3/91.5/95.3/98.1 | 93.8s
Epoch 139/200 | Train loss: 10.8938 (hm=0.3747, re=4.0663, fe=6.4528) | Val loss: 20.2709 (hm=0.3761, re=4.0038, fe=15.8910) | Val MRE(mm): 1.167 | SDR%(2/2.5/3/4): 86.0/92.0/95.4/98.0 | 93.9s
Epoch 140/200 | Train loss: 10.9533 (hm=0.3744, re=4.0211, fe=6.5578) | Val loss: 20.7806 (hm=0.3762, re=4.0846, fe=16.3198) | Val MRE(mm): 1.163 | SDR%(2/2.5/3/4): 85.6/91.0/94.8/98.1 | 93.9s
Epoch 141/200 | Train loss: 10.8866 (hm=0.3748, re=4.0398, fe=6.4720) | Val loss: 20.3642 (hm=0.3760, re=3.8501, fe=16.1381) | Val MRE(mm): 1.191 | SDR%(2/2.5/3/4): 85.3/91.6/95.1/98.0 | 93.8s
Epoch 142/200 | Train loss: 10.9357 (hm=0.3744, re=4.0481, fe=6.5132) | Val loss: 20.0491 (hm=0.3760, re=3.8432, fe=15.8298) | Val MRE(mm): 1.168 | SDR%(2/2.5/3/4): 86.2/92.3/95.5/98.1 | 93.9s
Epoch 143/200 | Train loss: 10.9931 (hm=0.3745, re=4.0312, fe=6.5874) | Val loss: 20.7717 (hm=0.3762, re=3.9113, fe=16.4842) | Val MRE(mm): 1.171 | SDR%(2/2.5/3/4): 85.6/91.6/95.3/98.0 | 93.9s
Epoch 144/200 | Train loss: 10.8802 (hm=0.3744, re=4.0316, fe=6.4743) | Val loss: 20.9186 (hm=0.3760, re=3.8716, fe=16.6710) | Val MRE(mm): 1.159 | SDR%(2/2.5/3/4): 85.9/92.0/95.6/98.1 | 94.0s
Epoch 145/200 | Train loss: 10.7391 (hm=0.3746, re=4.0352, fe=6.3293) | Val loss: 20.1489 (hm=0.3761, re=3.9752, fe=15.7976) | Val MRE(mm): 1.174 | SDR%(2/2.5/3/4): 86.1/91.9/95.8/98.1 | 93.9s
Epoch 146/200 | Train loss: 10.7544 (hm=0.3746, re=3.9944, fe=6.3854) | Val loss: 20.9003 (hm=0.3759, re=3.8864, fe=16.6380) | Val MRE(mm): 1.170 | SDR%(2/2.5/3/4): 85.5/91.7/95.4/98.1 | 94.0s
Epoch 147/200 | Train loss: 10.8138 (hm=0.3743, re=4.0265, fe=6.4129) | Val loss: 19.7407 (hm=0.3759, re=3.9364, fe=15.4284) | Val MRE(mm): 1.157 | SDR%(2/2.5/3/4): 86.1/91.8/95.2/98.0 | 94.0s
Epoch 148/200 | Train loss: 11.0089 (hm=0.3746, re=3.9374, fe=6.6969) | Val loss: 20.3962 (hm=0.3758, re=3.8699, fe=16.1505) | Val MRE(mm): 1.185 | SDR%(2/2.5/3/4): 85.6/91.6/95.4/98.1 | 94.0s
Epoch 149/200 | Train loss: 11.0347 (hm=0.3743, re=4.0123, fe=6.6481) | Val loss: 20.0689 (hm=0.3760, re=3.9929, fe=15.7001) | Val MRE(mm): 1.170 | SDR%(2/2.5/3/4): 86.1/91.8/95.7/98.0 | 93.9s
Epoch 150/200 | Train loss: 11.3532 (hm=0.3742, re=4.1263, fe=6.8527) | Val loss: 19.7861 (hm=0.3760, re=3.8999, fe=15.5102) | Val MRE(mm): 1.165 | SDR%(2/2.5/3/4): 85.8/91.8/95.5/98.0 | 93.9s
Epoch 151/200 | Train loss: 11.0610 (hm=0.3746, re=4.0387, fe=6.6476) | Val loss: 20.2540 (hm=0.3759, re=3.8405, fe=16.0376) | Val MRE(mm): 1.168 | SDR%(2/2.5/3/4): 85.8/91.9/95.7/98.1 | 94.0s
Epoch 152/200 | Train loss: 10.7553 (hm=0.3746, re=4.0544, fe=6.3263) | Val loss: 21.4263 (hm=0.3759, re=4.1060, fe=16.9444) | Val MRE(mm): 1.190 | SDR%(2/2.5/3/4): 84.7/91.3/95.2/98.0 | 93.9s
Epoch 153/200 | Train loss: 10.9287 (hm=0.3743, re=4.0351, fe=6.5193) | Val loss: 20.6621 (hm=0.3760, re=4.0690, fe=16.2172) | Val MRE(mm): 1.174 | SDR%(2/2.5/3/4): 84.9/91.6/95.2/98.0 | 93.9s
Epoch 154/200 | Train loss: 10.6465 (hm=0.3742, re=4.0396, fe=6.2328) | Val loss: 21.0592 (hm=0.3760, re=3.8715, fe=16.8117) | Val MRE(mm): 1.158 | SDR%(2/2.5/3/4): 86.0/92.0/95.5/98.1 | 94.0s
Epoch 155/200 | Train loss: 10.8069 (hm=0.3741, re=4.0571, fe=6.3757) | Val loss: 20.9846 (hm=0.3761, re=3.8985, fe=16.7101) | Val MRE(mm): 1.187 | SDR%(2/2.5/3/4): 85.4/91.8/95.2/98.1 | 93.9s
Epoch 156/200 | Train loss: 11.1353 (hm=0.3746, re=4.0645, fe=6.6962) | Val loss: 21.1242 (hm=0.3760, re=4.1577, fe=16.5904) | Val MRE(mm): 1.174 | SDR%(2/2.5/3/4): 86.0/92.0/95.5/98.1 | 93.9s
Epoch 157/200 | Train loss: 10.7063 (hm=0.3745, re=4.0179, fe=6.3139) | Val loss: 21.5710 (hm=0.3760, re=4.1538, fe=17.0412) | Val MRE(mm): 1.191 | SDR%(2/2.5/3/4): 85.4/92.0/95.4/98.1 | 94.0s
Epoch 158/200 | Train loss: 10.5864 (hm=0.3744, re=3.9919, fe=6.2200) | Val loss: 20.4874 (hm=0.3758, re=3.9327, fe=16.1789) | Val MRE(mm): 1.183 | SDR%(2/2.5/3/4): 85.7/91.8/95.3/98.0 | 94.1s
Epoch 159/200 | Train loss: 10.6805 (hm=0.3743, re=3.9739, fe=6.3323) | Val loss: 19.9493 (hm=0.3762, re=4.0275, fe=15.5456) | Val MRE(mm): 1.179 | SDR%(2/2.5/3/4): 86.2/91.8/95.1/98.1 | 93.9s
Epoch 160/200 | Train loss: 10.6545 (hm=0.3749, re=3.9783, fe=6.3013) | Val loss: 19.8599 (hm=0.3761, re=3.9937, fe=15.4901) | Val MRE(mm): 1.197 | SDR%(2/2.5/3/4): 85.1/91.5/95.4/98.0 | 93.9s
Epoch 161/200 | Train loss: 10.7705 (hm=0.3747, re=4.0459, fe=6.3499) | Val loss: 20.6650 (hm=0.3760, re=4.1881, fe=16.1009) | Val MRE(mm): 1.165 | SDR%(2/2.5/3/4): 86.5/92.2/95.5/98.2 | 93.9s
Epoch 162/200 | Train loss: 10.8531 (hm=0.3755, re=3.9927, fe=6.4849) | Val loss: 20.8765 (hm=0.3761, re=4.1377, fe=16.3627) | Val MRE(mm): 1.173 | SDR%(2/2.5/3/4): 85.8/91.5/95.2/98.2 | 93.9s
Epoch 163/200 | Train loss: 10.6593 (hm=0.3745, re=4.0202, fe=6.2646) | Val loss: 19.9402 (hm=0.3759, re=3.8011, fe=15.7633) | Val MRE(mm): 1.152 | SDR%(2/2.5/3/4): 86.4/92.2/95.9/98.2 | 94.0s
Epoch 164/200 | Train loss: 10.6834 (hm=0.3740, re=3.9599, fe=6.3495) | Val loss: 21.2368 (hm=0.3762, re=3.9953, fe=16.8652) | Val MRE(mm): 1.152 | SDR%(2/2.5/3/4): 86.0/92.4/95.7/98.2 | 93.9s
Epoch 165/200 | Train loss: 10.2432 (hm=0.3746, re=3.9283, fe=5.9403) | Val loss: 21.4486 (hm=0.3759, re=4.0087, fe=17.0640) | Val MRE(mm): 1.179 | SDR%(2/2.5/3/4): 85.7/91.8/95.3/98.1 | 94.1s
Epoch 166/200 | Train loss: 10.4432 (hm=0.3744, re=3.9799, fe=6.0890) | Val loss: 21.3134 (hm=0.3760, re=3.8856, fe=17.0518) | Val MRE(mm): 1.176 | SDR%(2/2.5/3/4): 85.5/91.5/95.4/98.1 | 93.9s
Epoch 167/200 | Train loss: 10.4960 (hm=0.3742, re=3.9935, fe=6.1284) | Val loss: 20.9513 (hm=0.3760, re=3.8933, fe=16.6820) | Val MRE(mm): 1.174 | SDR%(2/2.5/3/4): 85.6/92.0/95.6/98.1 | 93.9s
Epoch 168/200 | Train loss: 10.4417 (hm=0.3746, re=3.9723, fe=6.0948) | Val loss: 21.0008 (hm=0.3760, re=3.8225, fe=16.8022) | Val MRE(mm): 1.151 | SDR%(2/2.5/3/4): 86.4/92.1/95.8/98.1 | 93.9s
Epoch 169/200 | Train loss: 10.4371 (hm=0.3747, re=3.9821, fe=6.0804) | Val loss: 21.5075 (hm=0.3761, re=4.0183, fe=17.1132) | Val MRE(mm): 1.154 | SDR%(2/2.5/3/4): 86.3/92.3/95.7/98.2 | 94.1s
Epoch 170/200 | Train loss: 10.6169 (hm=0.3746, re=3.9781, fe=6.2642) | Val loss: 20.9506 (hm=0.3760, re=3.8537, fe=16.7210) | Val MRE(mm): 1.193 | SDR%(2/2.5/3/4): 85.3/91.8/95.5/98.0 | 93.9s
Epoch 171/200 | Train loss: 10.2799 (hm=0.3746, re=3.9576, fe=5.9476) | Val loss: 21.6159 (hm=0.3759, re=4.0021, fe=17.2379) | Val MRE(mm): 1.168 | SDR%(2/2.5/3/4): 86.2/91.7/95.4/98.1 | 93.9s
Epoch 172/200 | Train loss: 10.6157 (hm=0.3745, re=3.9868, fe=6.2544) | Val loss: 21.2276 (hm=0.3760, re=3.8991, fe=16.9524) | Val MRE(mm): 1.273 | SDR%(2/2.5/3/4): 85.5/91.4/95.0/97.6 | 94.0s
Epoch 173/200 | Train loss: 10.4080 (hm=0.3744, re=3.9664, fe=6.0672) | Val loss: 21.3565 (hm=0.3762, re=3.9264, fe=17.0539) | Val MRE(mm): 1.156 | SDR%(2/2.5/3/4): 86.3/92.1/95.5/98.1 | 94.0s
Epoch 174/200 | Train loss: 10.7764 (hm=0.3744, re=4.0149, fe=6.3871) | Val loss: 20.8116 (hm=0.3762, re=3.8238, fe=16.6116) | Val MRE(mm): 1.154 | SDR%(2/2.5/3/4): 85.7/91.6/95.4/98.0 | 93.9s
Epoch 175/200 | Train loss: 10.6944 (hm=0.3752, re=4.0007, fe=6.3185) | Val loss: 21.1105 (hm=0.3764, re=3.8806, fe=16.8534) | Val MRE(mm): 1.154 | SDR%(2/2.5/3/4): 85.5/91.2/95.4/98.1 | 93.9s
Epoch 176/200 | Train loss: 10.8717 (hm=0.3753, re=4.0504, fe=6.4460) | Val loss: 21.4623 (hm=0.3761, re=3.9253, fe=17.1609) | Val MRE(mm): 1.156 | SDR%(2/2.5/3/4): 85.5/91.8/95.5/98.1 | 94.0s
Epoch 177/200 | Train loss: 10.7080 (hm=0.3746, re=4.0592, fe=6.2742) | Val loss: 21.5644 (hm=0.3761, re=4.0164, fe=17.1718) | Val MRE(mm): 1.183 | SDR%(2/2.5/3/4): 85.1/91.5/95.4/98.4 | 93.9s
Epoch 178/200 | Train loss: 10.5309 (hm=0.3748, re=4.0061, fe=6.1501) | Val loss: 21.0899 (hm=0.3765, re=4.0462, fe=16.6673) | Val MRE(mm): 1.155 | SDR%(2/2.5/3/4): 85.7/91.6/95.6/98.1 | 94.0s
Epoch 179/200 | Train loss: 10.9586 (hm=0.3744, re=4.0498, fe=6.5345) | Val loss: 20.6798 (hm=0.3764, re=3.8836, fe=16.4198) | Val MRE(mm): 1.145 | SDR%(2/2.5/3/4): 86.7/92.4/96.0/98.2 | 94.0s
Epoch 180/200 | Train loss: 10.7318 (hm=0.3747, re=4.0729, fe=6.2842) | Val loss: 20.4504 (hm=0.3763, re=3.8984, fe=16.1757) | Val MRE(mm): 1.173 | SDR%(2/2.5/3/4): 85.7/91.8/95.4/98.1 | 94.1s
Epoch 181/200 | Train loss: 10.5048 (hm=0.3745, re=4.0151, fe=6.1152) | Val loss: 21.2490 (hm=0.3765, re=3.8214, fe=17.0510) | Val MRE(mm): 1.150 | SDR%(2/2.5/3/4): 86.5/91.8/95.8/98.1 | 93.9s
Epoch 182/200 | Train loss: 10.6911 (hm=0.3748, re=4.0290, fe=6.2872) | Val loss: 20.7126 (hm=0.3766, re=3.9947, fe=16.3413) | Val MRE(mm): 1.170 | SDR%(2/2.5/3/4): 85.9/91.5/95.2/98.2 | 94.0s
Epoch 183/200 | Train loss: 10.6917 (hm=0.3750, re=4.0312, fe=6.2855) | Val loss: 20.8451 (hm=0.3764, re=3.9101, fe=16.5586) | Val MRE(mm): 1.176 | SDR%(2/2.5/3/4): 85.4/91.4/95.3/98.1 | 94.1s
Epoch 184/200 | Train loss: 10.8401 (hm=0.3750, re=4.0291, fe=6.4360) | Val loss: 21.2235 (hm=0.3764, re=3.8659, fe=16.9812) | Val MRE(mm): 1.167 | SDR%(2/2.5/3/4): 85.4/91.8/95.4/98.0 | 93.9s
Epoch 185/200 | Train loss: 10.5129 (hm=0.3746, re=3.9861, fe=6.1522) | Val loss: 21.1099 (hm=0.3763, re=3.9844, fe=16.7493) | Val MRE(mm): 1.163 | SDR%(2/2.5/3/4): 85.8/91.8/95.5/98.1 | 94.0s
Epoch 186/200 | Train loss: 10.3859 (hm=0.3745, re=3.9710, fe=6.0404) | Val loss: 21.6911 (hm=0.3761, re=4.0427, fe=17.2723) | Val MRE(mm): 1.183 | SDR%(2/2.5/3/4): 84.7/91.4/95.2/98.0 | 94.0s
Epoch 187/200 | Train loss: 10.7803 (hm=0.3743, re=3.9639, fe=6.4422) | Val loss: 20.8283 (hm=0.3760, re=3.8763, fe=16.5760) | Val MRE(mm): 1.159 | SDR%(2/2.5/3/4): 86.0/92.2/95.7/98.2 | 93.9s
Epoch 188/200 | Train loss: 10.5294 (hm=0.3743, re=4.0248, fe=6.1302) | Val loss: 20.4328 (hm=0.3762, re=3.9038, fe=16.1528) | Val MRE(mm): 1.155 | SDR%(2/2.5/3/4): 85.8/91.6/95.5/98.1 | 94.0s
Epoch 189/200 | Train loss: 10.7956 (hm=0.3745, re=4.0195, fe=6.4016) | Val loss: 20.7530 (hm=0.3761, re=3.8454, fe=16.5315) | Val MRE(mm): 1.143 | SDR%(2/2.5/3/4): 86.1/92.1/95.8/98.2 | 94.1s
Epoch 190/200 | Train loss: 10.3908 (hm=0.3745, re=3.9723, fe=6.0440) | Val loss: 21.3290 (hm=0.3763, re=3.8473, fe=17.1055) | Val MRE(mm): 1.171 | SDR%(2/2.5/3/4): 85.4/91.5/95.3/98.1 | 94.0s
Epoch 191/200 | Train loss: 10.6188 (hm=0.3744, re=3.9983, fe=6.2460) | Val loss: 21.1385 (hm=0.3762, re=3.9276, fe=16.8347) | Val MRE(mm): 1.159 | SDR%(2/2.5/3/4): 86.0/91.7/95.3/98.0 | 94.0s
Epoch 192/200 | Train loss: 10.5471 (hm=0.3743, re=3.9800, fe=6.1928) | Val loss: 20.8848 (hm=0.3762, re=3.9944, fe=16.5142) | Val MRE(mm): 1.167 | SDR%(2/2.5/3/4): 85.7/91.7/95.5/98.1 | 94.1s
Epoch 193/200 | Train loss: 10.3979 (hm=0.3750, re=3.9790, fe=6.0439) | Val loss: 21.2385 (hm=0.3762, re=3.8960, fe=16.9663) | Val MRE(mm): 1.150 | SDR%(2/2.5/3/4): 86.1/91.9/95.4/98.2 | 94.1s
Epoch 194/200 | Train loss: 10.5189 (hm=0.3750, re=3.9940, fe=6.1499) | Val loss: 20.6397 (hm=0.3765, re=4.0201, fe=16.2431) | Val MRE(mm): 1.132 | SDR%(2/2.5/3/4): 87.2/92.4/95.7/98.2 | 94.1s
Epoch 195/200 | Train loss: 10.5836 (hm=0.3746, re=4.0303, fe=6.1786) | Val loss: 21.4395 (hm=0.3764, re=3.9482, fe=17.1150) | Val MRE(mm): 1.163 | SDR%(2/2.5/3/4): 85.3/91.5/95.3/98.0 | 94.3s
Epoch 196/200 | Train loss: 11.1480 (hm=0.3754, re=4.0136, fe=6.7589) | Val loss: 20.6784 (hm=0.3765, re=3.8457, fe=16.4561) | Val MRE(mm): 1.146 | SDR%(2/2.5/3/4): 86.6/91.9/95.4/98.1 | 94.1s
Epoch 197/200 | Train loss: 10.7379 (hm=0.3752, re=4.1238, fe=6.2389) | Val loss: 22.1640 (hm=0.3765, re=4.0375, fe=17.7499) | Val MRE(mm): 1.148 | SDR%(2/2.5/3/4): 86.2/91.8/95.6/98.1 | 94.2s
Epoch 198/200 | Train loss: 10.5657 (hm=0.3749, re=4.0081, fe=6.1827) | Val loss: 21.4824 (hm=0.3764, re=4.0317, fe=17.0744) | Val MRE(mm): 1.152 | SDR%(2/2.5/3/4): 86.4/91.8/95.4/98.2 | 94.2s
Epoch 199/200 | Train loss: 10.8134 (hm=0.3748, re=4.0679, fe=6.3707) | Val loss: 21.2824 (hm=0.3763, re=4.0350, fe=16.8711) | Val MRE(mm): 1.144 | SDR%(2/2.5/3/4): 86.2/92.0/95.5/98.2 | 94.2s
Epoch 200/200 | Train loss: 10.3500 (hm=0.3747, re=3.9733, fe=6.0020) | Val loss: 21.3319 (hm=0.3763, re=4.0119, fe=16.9437) | Val MRE(mm): 1.145 | SDR%(2/2.5/3/4): 86.6/92.1/95.4/98.1 | 94.1s
