===== cephadoadu_convnextv2_tiny =====
/home/zeus/miniconda3/envs/cloudspace/lib/python3.12/site-packages/torch/nn/modules/transformer.py:392: UserWarning: enable_nested_tensor is True, but self.use_nested_tensor is False because encoder_layer.self_attn.batch_first was not True(use batch_first for better inference performance)
  warnings.warn(
Epoch 01/200 | Train loss: 285.3352 (hm=1.0854, re=17.1434, fe=267.1064) | Val loss: 39.8263 (hm=0.7235, re=7.8322, fe=31.2705) | Val MRE(mm): 160.974 | SDR%(2/2.5/3/4): 0.0/0.0/0.0/0.0 | 194.8s
Epoch 02/200 | Train loss: 39.5603 (hm=0.4796, re=7.8144, fe=31.2664) | Val loss: 39.4253 (hm=0.4146, re=7.8015, fe=31.2092) | Val MRE(mm): 158.118 | SDR%(2/2.5/3/4): 0.0/0.0/0.0/0.0 | 192.3s
Epoch 03/200 | Train loss: 39.4062 (hm=0.4022, re=7.8041, fe=31.1998) | Val loss: 39.3715 (hm=0.3965, re=7.7967, fe=31.1784) | Val MRE(mm): 155.632 | SDR%(2/2.5/3/4): 0.0/0.0/0.0/0.0 | 192.0s
Epoch 04/200 | Train loss: 39.3700 (hm=0.3934, re=7.8069, fe=31.1698) | Val loss: 39.3013 (hm=0.3894, re=7.7953, fe=31.1166) | Val MRE(mm): 153.410 | SDR%(2/2.5/3/4): 0.0/0.0/0.0/0.0 | 191.9s
Epoch 05/200 | Train loss: 39.3051 (hm=0.3885, re=7.8010, fe=31.1155) | Val loss: 39.2575 (hm=0.3859, re=7.7962, fe=31.0754) | Val MRE(mm): 151.136 | SDR%(2/2.5/3/4): 0.0/0.0/0.0/0.0 | 191.8s
Epoch 06/200 | Train loss: 39.2655 (hm=0.3859, re=7.7991, fe=31.0805) | Val loss: 39.1954 (hm=0.3836, re=7.7885, fe=31.0233) | Val MRE(mm): 148.871 | SDR%(2/2.5/3/4): 0.0/0.0/0.0/0.0 | 191.9s
Epoch 07/200 | Train loss: 39.2187 (hm=0.3833, re=7.7957, fe=31.0396) | Val loss: 39.1649 (hm=0.3822, re=7.7869, fe=30.9959) | Val MRE(mm): 146.910 | SDR%(2/2.5/3/4): 0.0/0.0/0.0/0.0 | 191.8s
Epoch 08/200 | Train loss: 39.1746 (hm=0.3823, re=7.7924, fe=30.9999) | Val loss: 39.1197 (hm=0.3811, re=7.7851, fe=30.9535) | Val MRE(mm): 144.760 | SDR%(2/2.5/3/4): 0.0/0.0/0.0/0.0 | 191.9s
Epoch 09/200 | Train loss: 39.0968 (hm=0.3809, re=7.7838, fe=30.9322) | Val loss: 39.0895 (hm=0.3806, re=7.7911, fe=30.9179) | Val MRE(mm): 142.466 | SDR%(2/2.5/3/4): 0.0/0.0/0.0/0.0 | 192.0s
Epoch 10/200 | Train loss: 39.0478 (hm=0.3800, re=7.7823, fe=30.8855) | Val loss: 39.0045 (hm=0.3793, re=7.7820, fe=30.8432) | Val MRE(mm): 139.734 | SDR%(2/2.5/3/4): 0.0/0.0/0.0/0.0 | 191.8s
Epoch 11/200 | Train loss: 38.9979 (hm=0.3790, re=7.7815, fe=30.8374) | Val loss: 38.9599 (hm=0.3788, re=7.7782, fe=30.8029) | Val MRE(mm): 136.843 | SDR%(2/2.5/3/4): 0.0/0.0/0.0/0.0 | 192.0s
Epoch 12/200 | Train loss: 38.9683 (hm=0.3787, re=7.7826, fe=30.8070) | Val loss: 38.8876 (hm=0.3783, re=7.7671, fe=30.7422) | Val MRE(mm): 133.924 | SDR%(2/2.5/3/4): 0.0/0.0/0.0/0.0 | 192.0s
Epoch 13/200 | Train loss: 38.8806 (hm=0.3783, re=7.7761, fe=30.7262) | Val loss: 38.7845 (hm=0.3787, re=7.7639, fe=30.6419) | Val MRE(mm): 130.839 | SDR%(2/2.5/3/4): 0.0/0.0/0.0/0.0 | 191.8s
Epoch 14/200 | Train loss: 38.8064 (hm=0.3777, re=7.7728, fe=30.6559) | Val loss: 38.7440 (hm=0.3773, re=7.7642, fe=30.6026) | Val MRE(mm): 127.785 | SDR%(2/2.5/3/4): 0.0/0.0/0.0/0.0 | 191.7s
Epoch 15/200 | Train loss: 38.7161 (hm=0.3775, re=7.7660, fe=30.5726) | Val loss: 38.6996 (hm=0.3771, re=7.7711, fe=30.5514) | Val MRE(mm): 124.507 | SDR%(2/2.5/3/4): 0.0/0.0/0.0/0.0 | 191.9s
Epoch 16/200 | Train loss: 38.6113 (hm=0.3775, re=7.7603, fe=30.4735) | Val loss: 38.6332 (hm=0.3779, re=7.7634, fe=30.4919) | Val MRE(mm): 120.133 | SDR%(2/2.5/3/4): 0.0/0.0/0.0/0.0 | 191.9s
Epoch 17/200 | Train loss: 38.5119 (hm=0.3772, re=7.7543, fe=30.3804) | Val loss: 38.3970 (hm=0.3781, re=7.7410, fe=30.2779) | Val MRE(mm): 115.671 | SDR%(2/2.5/3/4): 0.0/0.0/0.0/0.0 | 192.0s
Epoch 18/200 | Train loss: 38.4063 (hm=0.3769, re=7.7491, fe=30.2804) | Val loss: 38.3108 (hm=0.3768, re=7.7384, fe=30.1956) | Val MRE(mm): 110.986 | SDR%(2/2.5/3/4): 0.0/0.0/0.0/0.0 | 192.0s
Epoch 19/200 | Train loss: 38.2685 (hm=0.3771, re=7.7397, fe=30.1517) | Val loss: 38.1368 (hm=0.3767, re=7.7248, fe=30.0352) | Val MRE(mm): 105.407 | SDR%(2/2.5/3/4): 0.0/0.0/0.0/0.0 | 191.9s
Epoch 20/200 | Train loss: 38.0954 (hm=0.3768, re=7.7287, fe=29.9899) | Val loss: 38.0282 (hm=0.3770, re=7.7373, fe=29.9139) | Val MRE(mm): 99.411 | SDR%(2/2.5/3/4): 0.0/0.0/0.0/0.0 | 191.9s
Epoch 21/200 | Train loss: 37.9567 (hm=0.3769, re=7.7238, fe=29.8560) | Val loss: 37.8039 (hm=0.3771, re=7.7081, fe=29.7187) | Val MRE(mm): 94.190 | SDR%(2/2.5/3/4): 0.0/0.0/0.0/0.0 | 191.8s
Epoch 22/200 | Train loss: 37.7942 (hm=0.3772, re=7.7112, fe=29.7059) | Val loss: 37.6772 (hm=0.3786, re=7.6985, fe=29.6000) | Val MRE(mm): 88.209 | SDR%(2/2.5/3/4): 0.0/0.0/0.0/0.0 | 191.8s
Epoch 23/200 | Train loss: 37.5933 (hm=0.3772, re=7.7033, fe=29.5128) | Val loss: 37.4564 (hm=0.3770, re=7.6875, fe=29.3919) | Val MRE(mm): 81.607 | SDR%(2/2.5/3/4): 0.0/0.0/0.0/0.2 | 191.7s
Epoch 24/200 | Train loss: 37.3737 (hm=0.3772, re=7.6887, fe=29.3078) | Val loss: 37.2305 (hm=0.3783, re=7.6752, fe=29.1770) | Val MRE(mm): 74.398 | SDR%(2/2.5/3/4): 0.0/0.2/0.2/1.2 | 191.9s
Epoch 25/200 | Train loss: 37.1245 (hm=0.3772, re=7.6803, fe=29.0670) | Val loss: 36.8934 (hm=0.3775, re=7.6621, fe=28.8537) | Val MRE(mm): 67.234 | SDR%(2/2.5/3/4): 0.2/0.5/0.5/1.0 | 191.9s
Epoch 26/200 | Train loss: 36.8586 (hm=0.3770, re=7.6682, fe=28.8134) | Val loss: 36.6952 (hm=0.3783, re=7.6713, fe=28.6456) | Val MRE(mm): 60.040 | SDR%(2/2.5/3/4): 0.0/0.5/0.5/0.8 | 191.9s
Epoch 27/200 | Train loss: 36.5707 (hm=0.3772, re=7.6524, fe=28.5412) | Val loss: 36.2786 (hm=0.3769, re=7.6318, fe=28.2698) | Val MRE(mm): 52.453 | SDR%(2/2.5/3/4): 0.0/0.2/0.2/0.2 | 191.9s
Epoch 28/200 | Train loss: 36.2091 (hm=0.3771, re=7.6317, fe=28.2003) | Val loss: 35.9426 (hm=0.3774, re=7.6144, fe=27.9507) | Val MRE(mm): 45.123 | SDR%(2/2.5/3/4): 0.2/0.2/0.5/0.8 | 192.0s
Epoch 29/200 | Train loss: 35.7932 (hm=0.3791, re=7.6129, fe=27.8012) | Val loss: 35.4901 (hm=0.3781, re=7.5983, fe=27.5138) | Val MRE(mm): 36.695 | SDR%(2/2.5/3/4): 0.2/0.5/0.5/1.5 | 192.0s
Epoch 30/200 | Train loss: 35.3736 (hm=0.3797, re=7.5972, fe=27.3967) | Val loss: 35.0861 (hm=0.3841, re=7.5784, fe=27.1236) | Val MRE(mm): 29.501 | SDR%(2/2.5/3/4): 1.0/1.0/1.2/1.8 | 192.0s
Epoch 31/200 | Train loss: 34.8903 (hm=0.3800, re=7.5784, fe=26.9319) | Val loss: 34.4591 (hm=0.3796, re=7.5548, fe=26.5247) | Val MRE(mm): 23.339 | SDR%(2/2.5/3/4): 0.2/0.8/1.5/3.5 | 191.9s
Epoch 32/200 | Train loss: 34.4095 (hm=0.3813, re=7.5567, fe=26.4716) | Val loss: 34.0019 (hm=0.3839, re=7.5405, fe=26.0776) | Val MRE(mm): 18.932 | SDR%(2/2.5/3/4): 1.5/2.5/4.0/4.5 | 191.8s
Epoch 33/200 | Train loss: 33.9385 (hm=0.3825, re=7.5368, fe=26.0191) | Val loss: 33.5371 (hm=0.3802, re=7.5057, fe=25.6512) | Val MRE(mm): 15.442 | SDR%(2/2.5/3/4): 3.5/6.0/7.8/12.0 | 191.9s
Epoch 34/200 | Train loss: 33.4234 (hm=0.3810, re=7.5047, fe=25.5377) | Val loss: 32.8529 (hm=0.3800, re=7.4910, fe=24.9818) | Val MRE(mm): 12.906 | SDR%(2/2.5/3/4): 5.0/6.8/10.5/17.8 | 192.0s
Epoch 35/200 | Train loss: 32.7594 (hm=0.3845, re=7.4769, fe=24.8980) | Val loss: 32.2129 (hm=0.3826, re=7.4524, fe=24.3779) | Val MRE(mm): 10.821 | SDR%(2/2.5/3/4): 4.8/7.8/12.0/18.8 | 191.8s
Epoch 36/200 | Train loss: 32.4236 (hm=0.3859, re=7.4597, fe=24.5781) | Val loss: 31.6273 (hm=0.3848, re=7.4285, fe=23.8140) | Val MRE(mm): 7.746 | SDR%(2/2.5/3/4): 13.5/19.2/24.8/31.5 | 191.8s
Epoch 37/200 | Train loss: 33.9715 (hm=0.8977, re=7.4423, fe=25.6315) | Val loss: 34.0069 (hm=0.9657, re=7.4145, fe=25.6268) | Val MRE(mm): 27.070 | SDR%(2/2.5/3/4): 1.0/1.0/1.0/2.2 | 191.5s
Epoch 38/200 | Train loss: 34.0241 (hm=0.9808, re=7.4111, fe=25.6322) | Val loss: 33.7280 (hm=0.9658, re=7.3955, fe=25.3666) | Val MRE(mm): 27.040 | SDR%(2/2.5/3/4): 0.5/0.8/1.0/2.2 | 191.8s
Epoch 39/200 | Train loss: 33.6926 (hm=0.9576, re=7.3651, fe=25.3698) | Val loss: 33.4205 (hm=0.9083, re=7.3149, fe=25.1973) | Val MRE(mm): 27.013 | SDR%(2/2.5/3/4): 0.8/1.0/1.0/1.5 | 191.8s
Epoch 40/200 | Train loss: 33.3580 (hm=0.8721, re=7.2983, fe=25.1876) | Val loss: 33.0818 (hm=0.8096, re=7.3005, fe=24.9716) | Val MRE(mm): 26.835 | SDR%(2/2.5/3/4): 0.5/1.2/1.5/3.0 | 191.7s
Epoch 41/200 | Train loss: 33.0471 (hm=0.8041, re=7.2439, fe=24.9990) | Val loss: 32.7479 (hm=0.7419, re=7.1791, fe=24.8269) | Val MRE(mm): 26.803 | SDR%(2/2.5/3/4): 0.5/1.0/1.5/2.8 | 191.7s
Epoch 42/200 | Train loss: 32.8637 (hm=0.8357, re=7.1719, fe=24.8561) | Val loss: 32.7955 (hm=1.0099, re=7.1373, fe=24.6482) | Val MRE(mm): 26.905 | SDR%(2/2.5/3/4): 0.5/1.5/2.0/3.0 | 191.7s
Epoch 43/200 | Train loss: 32.8947 (hm=1.0099, re=7.1232, fe=24.7616) | Val loss: 32.6079 (hm=1.0099, re=7.0605, fe=24.5375) | Val MRE(mm): 26.837 | SDR%(2/2.5/3/4): 0.8/0.8/1.8/3.5 | 191.7s


===== cephadoadu_resume_lr5e5 =====
Warning: You are sending unauthenticated requests to the HF Hub. Please set a HF_TOKEN to enable higher rate limits and faster downloads.
/home/zeus/miniconda3/envs/cloudspace/lib/python3.12/site-packages/torch/nn/modules/transformer.py:392: UserWarning: enable_nested_tensor is True, but self.use_nested_tensor is False because encoder_layer.self_attn.batch_first was not True(use batch_first for better inference performance)
  warnings.warn(
Resumed weights from /teamspace/studios/this_studio/Convnext_DeLR_backup/outputs/cephadoadu_resume_lr5e5/seed_best_e36.pt (missing=0, unexpected=0).
Checkpoint val_metrics: {'loss': 31.62728080749512, 'loss_hm': 0.38479148894548415, 'loss_re': 7.428454136848449, 'loss_fe': 23.814035415649414, 'mre_mm': 7.746273212432861, 'mre_px': 77.4627293395996, 'sdr_2_0mm': 13.5, 'sdr_2_5mm': 19.25, 'sdr_3_0mm': 24.75, 'sdr_4_0mm': 31.5}
Epoch 01/200 | Train loss: 31.4396 (hm=0.3801, re=7.4310, fe=23.6285) | Val loss: 30.8354 (hm=0.3791, re=7.4112, fe=23.0451) | Val MRE(mm): 6.425 | SDR%(2/2.5/3/4): 20.5/26.2/32.8/43.8 | 194.8s
Epoch 02/200 | Train loss: 30.9793 (hm=0.3792, re=7.4145, fe=23.1855) | Val loss: 30.5040 (hm=0.3779, re=7.3979, fe=22.7282) | Val MRE(mm): 5.817 | SDR%(2/2.5/3/4): 21.5/31.0/38.2/52.0 | 192.2s
Epoch 03/200 | Train loss: 30.6702 (hm=0.3792, re=7.3953, fe=22.8957) | Val loss: 30.1140 (hm=0.3783, re=7.3812, fe=22.3545) | Val MRE(mm): 5.182 | SDR%(2/2.5/3/4): 28.5/38.8/45.0/56.5 | 192.0s
Epoch 04/200 | Train loss: 30.3483 (hm=0.3800, re=7.3913, fe=22.5770) | Val loss: 30.2876 (hm=0.3790, re=7.3670, fe=22.5416) | Val MRE(mm): 6.202 | SDR%(2/2.5/3/4): 19.8/26.2/31.5/43.0 | 192.1s
Epoch 05/200 | Train loss: 30.0657 (hm=0.3797, re=7.3715, fe=22.3145) | Val loss: 29.4383 (hm=0.3789, re=7.3518, fe=21.7076) | Val MRE(mm): 4.030 | SDR%(2/2.5/3/4): 33.0/43.2/52.0/65.5 | 191.9s
Epoch 06/200 | Train loss: 29.7463 (hm=0.3801, re=7.3596, fe=22.0066) | Val loss: 29.0843 (hm=0.3787, re=7.3371, fe=21.3685) | Val MRE(mm): 3.902 | SDR%(2/2.5/3/4): 38.0/47.2/55.8/66.2 | 192.0s
Epoch 07/200 | Train loss: 29.3795 (hm=0.3796, re=7.3426, fe=21.6573) | Val loss: 28.9402 (hm=0.3794, re=7.3220, fe=21.2387) | Val MRE(mm): 3.751 | SDR%(2/2.5/3/4): 37.2/47.5/54.8/65.2 | 192.0s
Epoch 08/200 | Train loss: 29.1551 (hm=0.3803, re=7.3281, fe=21.4468) | Val loss: 28.8226 (hm=0.3791, re=7.3035, fe=21.1400) | Val MRE(mm): 4.023 | SDR%(2/2.5/3/4): 35.2/44.5/54.2/64.5 | 192.0s
Epoch 09/200 | Train loss: 28.8718 (hm=0.3803, re=7.3041, fe=21.1874) | Val loss: 28.3988 (hm=0.3796, re=7.2903, fe=20.7289) | Val MRE(mm): 3.395 | SDR%(2/2.5/3/4): 36.8/48.5/56.2/73.5 | 192.1s
Epoch 10/200 | Train loss: 28.6720 (hm=0.3812, re=7.2896, fe=21.0012) | Val loss: 28.0083 (hm=0.3792, re=7.2721, fe=20.3570) | Val MRE(mm): 2.855 | SDR%(2/2.5/3/4): 47.0/58.2/68.0/77.2 | 191.8s
Epoch 11/200 | Train loss: 28.2506 (hm=0.3799, re=7.2763, fe=20.5944) | Val loss: 28.0169 (hm=0.3799, re=7.2594, fe=20.3775) | Val MRE(mm): 3.379 | SDR%(2/2.5/3/4): 47.2/58.0/64.5/76.2 | 192.1s
Epoch 12/200 | Train loss: 28.1541 (hm=0.3804, re=7.2691, fe=20.5046) | Val loss: 27.5459 (hm=0.3800, re=7.2335, fe=19.9324) | Val MRE(mm): 2.893 | SDR%(2/2.5/3/4): 44.5/56.5/70.2/82.5 | 192.1s
Epoch 13/200 | Train loss: 27.7367 (hm=0.3804, re=7.2430, fe=20.1133) | Val loss: 27.0852 (hm=0.3796, re=7.2167, fe=19.4889) | Val MRE(mm): 2.305 | SDR%(2/2.5/3/4): 55.0/65.2/74.5/87.0 | 191.8s
Epoch 14/200 | Train loss: 27.6260 (hm=0.3802, re=7.2282, fe=20.0176) | Val loss: 27.7365 (hm=0.3788, re=7.1966, fe=20.1611) | Val MRE(mm): 3.605 | SDR%(2/2.5/3/4): 37.5/46.0/54.2/67.0 | 191.8s
Epoch 15/200 | Train loss: 27.3059 (hm=0.3800, re=7.2062, fe=19.7196) | Val loss: 27.0500 (hm=0.3796, re=7.1770, fe=19.4934) | Val MRE(mm): 2.969 | SDR%(2/2.5/3/4): 54.5/65.0/72.0/81.5 | 192.2s
Epoch 16/200 | Train loss: 26.9138 (hm=0.3808, re=7.1819, fe=19.3511) | Val loss: 27.6641 (hm=0.3802, re=7.1555, fe=20.1284) | Val MRE(mm): 4.239 | SDR%(2/2.5/3/4): 39.2/49.2/55.5/66.8 | 192.0s
Epoch 17/200 | Train loss: 26.7878 (hm=0.3809, re=7.1611, fe=19.2458) | Val loss: 26.1101 (hm=0.3805, re=7.1301, fe=18.5995) | Val MRE(mm): 2.073 | SDR%(2/2.5/3/4): 63.7/73.2/80.0/88.8 | 192.3s
Epoch 18/200 | Train loss: 26.6115 (hm=0.3804, re=7.1416, fe=19.0895) | Val loss: 25.8813 (hm=0.3805, re=7.1085, fe=18.3924) | Val MRE(mm): 2.054 | SDR%(2/2.5/3/4): 63.5/73.8/81.0/90.2 | 192.2s
Epoch 19/200 | Train loss: 26.1617 (hm=0.3808, re=7.1154, fe=18.6654) | Val loss: 25.4963 (hm=0.3809, re=7.0797, fe=18.0357) | Val MRE(mm): 1.919 | SDR%(2/2.5/3/4): 65.2/75.8/83.0/90.8 | 192.3s
Epoch 20/200 | Train loss: 26.2236 (hm=0.3805, re=7.0828, fe=18.7603) | Val loss: 25.3850 (hm=0.3808, re=7.0541, fe=17.9500) | Val MRE(mm): 1.841 | SDR%(2/2.5/3/4): 66.8/76.5/82.5/90.5 | 192.3s
Epoch 21/200 | Train loss: 25.8677 (hm=0.3808, re=7.0564, fe=18.4304) | Val loss: 25.6190 (hm=0.3804, re=7.0254, fe=18.2133) | Val MRE(mm): 2.308 | SDR%(2/2.5/3/4): 60.0/71.8/77.8/87.0 | 192.0s
Epoch 22/200 | Train loss: 25.5008 (hm=0.3808, re=7.0268, fe=18.0931) | Val loss: 25.1630 (hm=0.3811, re=6.9945, fe=17.7874) | Val MRE(mm): 1.919 | SDR%(2/2.5/3/4): 68.0/78.2/84.8/93.0 | 192.2s
Epoch 23/200 | Train loss: 25.4565 (hm=0.3811, re=7.0000, fe=18.0754) | Val loss: 25.8854 (hm=0.3809, re=6.9670, fe=18.5376) | Val MRE(mm): 2.839 | SDR%(2/2.5/3/4): 54.8/62.3/69.0/78.2 | 192.1s
Epoch 24/200 | Train loss: 25.2776 (hm=0.3818, re=6.9690, fe=17.9268) | Val loss: 25.4456 (hm=0.3809, re=6.9330, fe=18.1317) | Val MRE(mm): 2.541 | SDR%(2/2.5/3/4): 55.5/63.5/71.5/82.5 | 192.4s
Epoch 25/200 | Train loss: 25.0914 (hm=0.3808, re=6.9383, fe=17.7723) | Val loss: 24.5440 (hm=0.3817, re=6.9041, fe=17.2582) | Val MRE(mm): 1.752 | SDR%(2/2.5/3/4): 69.5/76.8/83.8/92.5 | 192.5s
Epoch 26/200 | Train loss: 24.7563 (hm=0.3811, re=6.9069, fe=17.4682) | Val loss: 24.1971 (hm=0.3821, re=6.8694, fe=16.9456) | Val MRE(mm): 1.864 | SDR%(2/2.5/3/4): 69.5/78.5/85.0/91.0 | 192.4s
Epoch 27/200 | Train loss: 24.5501 (hm=0.3816, re=6.8741, fe=17.2944) | Val loss: 24.2578 (hm=0.3822, re=6.8293, fe=17.0464) | Val MRE(mm): 1.960 | SDR%(2/2.5/3/4): 65.8/75.2/83.0/90.2 | 192.4s
Epoch 28/200 | Train loss: 24.4675 (hm=0.3812, re=6.8299, fe=17.2565) | Val loss: 24.2791 (hm=0.3811, re=6.8039, fe=17.0942) | Val MRE(mm): 2.128 | SDR%(2/2.5/3/4): 63.7/75.5/80.8/88.0 | 192.2s
Epoch 29/200 | Train loss: 24.0976 (hm=0.3822, re=6.7909, fe=16.9245) | Val loss: 23.6326 (hm=0.3813, re=6.7502, fe=16.5011) | Val MRE(mm): 1.763 | SDR%(2/2.5/3/4): 75.8/84.0/89.0/94.5 | 192.0s
Epoch 30/200 | Train loss: 23.9328 (hm=0.3816, re=6.7558, fe=16.7954) | Val loss: 23.3299 (hm=0.3810, re=6.7114, fe=16.2375) | Val MRE(mm): 1.749 | SDR%(2/2.5/3/4): 72.2/81.2/86.8/90.8 | 192.4s
Epoch 31/200 | Train loss: 23.7188 (hm=0.3811, re=6.7141, fe=16.6236) | Val loss: 23.1265 (hm=0.3814, re=6.6660, fe=16.0791) | Val MRE(mm): 1.715 | SDR%(2/2.5/3/4): 71.0/81.5/86.2/93.5 | 192.2s
Epoch 32/200 | Train loss: 23.3879 (hm=0.3811, re=6.6760, fe=16.3309) | Val loss: 23.2997 (hm=0.3815, re=6.6250, fe=16.2932) | Val MRE(mm): 1.936 | SDR%(2/2.5/3/4): 70.8/78.2/83.5/91.5 | 192.0s
Epoch 33/200 | Train loss: 23.3468 (hm=0.3816, re=6.6470, fe=16.3182) | Val loss: 22.4758 (hm=0.3820, re=6.5812, fe=15.5125) | Val MRE(mm): 1.514 | SDR%(2/2.5/3/4): 78.8/83.5/87.8/94.0 | 192.3s
Epoch 34/200 | Train loss: 22.9861 (hm=0.3812, re=6.5989, fe=16.0060) | Val loss: 22.4120 (hm=0.3811, re=6.5460, fe=15.4849) | Val MRE(mm): 1.622 | SDR%(2/2.5/3/4): 75.0/81.2/86.8/93.2 | 192.2s
Epoch 35/200 | Train loss: 22.9215 (hm=0.3813, re=6.5536, fe=15.9867) | Val loss: 22.9406 (hm=0.3815, re=6.5209, fe=16.0382) | Val MRE(mm): 1.904 | SDR%(2/2.5/3/4): 71.2/80.5/85.8/91.2 | 192.2s
Epoch 36/200 | Train loss: 22.4194 (hm=0.3820, re=6.5196, fe=15.5179) | Val loss: 21.8718 (hm=0.3826, re=6.4583, fe=15.0309) | Val MRE(mm): 1.388 | SDR%(2/2.5/3/4): 78.2/86.0/91.2/95.0 | 192.2s
Epoch 37/200 | Train loss: 22.5017 (hm=0.3815, re=6.4728, fe=15.6474) | Val loss: 21.7262 (hm=0.3811, re=6.4093, fe=14.9358) | Val MRE(mm): 1.635 | SDR%(2/2.5/3/4): 78.2/85.2/90.0/96.0 | 192.1s
Epoch 38/200 | Train loss: 22.4049 (hm=0.3815, re=6.4293, fe=15.5942) | Val loss: 21.9977 (hm=0.3812, re=6.3619, fe=15.2546) | Val MRE(mm): 1.776 | SDR%(2/2.5/3/4): 72.2/80.8/85.2/93.0 | 192.4s
Epoch 39/200 | Train loss: 21.9148 (hm=0.3811, re=6.3799, fe=15.1538) | Val loss: 21.8863 (hm=0.3824, re=6.3074, fe=15.1966) | Val MRE(mm): 1.682 | SDR%(2/2.5/3/4): 74.5/82.0/87.0/92.5 | 192.2s
Epoch 40/200 | Train loss: 21.6089 (hm=0.3819, re=6.3116, fe=14.9155) | Val loss: 21.4470 (hm=0.3815, re=6.2481, fe=14.8173) | Val MRE(mm): 1.643 | SDR%(2/2.5/3/4): 76.2/81.8/89.0/93.5 | 192.1s
Epoch 41/200 | Train loss: 21.5125 (hm=0.3810, re=6.2649, fe=14.8666) | Val loss: 21.3947 (hm=0.3816, re=6.1910, fe=14.8220) | Val MRE(mm): 1.796 | SDR%(2/2.5/3/4): 73.0/81.5/85.0/91.8 | 192.3s
Epoch 42/200 | Train loss: 21.4555 (hm=0.3819, re=6.2064, fe=14.8672) | Val loss: 21.2501 (hm=0.3825, re=6.1364, fe=14.7312) | Val MRE(mm): 1.722 | SDR%(2/2.5/3/4): 75.2/81.5/85.5/92.5 | 192.0s
Epoch 43/200 | Train loss: 21.4174 (hm=0.3823, re=6.1497, fe=14.8854) | Val loss: 21.6431 (hm=0.3825, re=6.0578, fe=15.2028) | Val MRE(mm): 1.744 | SDR%(2/2.5/3/4): 73.0/79.8/86.5/92.8 | 192.1s
Epoch 44/200 | Train loss: 20.9662 (hm=0.3820, re=6.0975, fe=14.4868) | Val loss: 20.7705 (hm=0.3839, re=5.9912, fe=14.3954) | Val MRE(mm): 1.530 | SDR%(2/2.5/3/4): 79.5/84.2/87.8/93.2 | 192.0s
Epoch 45/200 | Train loss: 20.9028 (hm=0.3825, re=5.9959, fe=14.5244) | Val loss: 20.5893 (hm=0.3820, re=5.9088, fe=14.2985) | Val MRE(mm): 1.572 | SDR%(2/2.5/3/4): 75.0/83.0/87.8/92.8 | 192.1s
Epoch 46/200 | Train loss: 20.6810 (hm=0.3823, re=5.9513, fe=14.3474) | Val loss: 20.5035 (hm=0.3823, re=5.8557, fe=14.2654) | Val MRE(mm): 1.565 | SDR%(2/2.5/3/4): 77.0/83.5/88.5/93.5 | 192.4s
Epoch 47/200 | Train loss: 20.6900 (hm=0.3823, re=5.8697, fe=14.4380) | Val loss: 20.6313 (hm=0.3824, re=5.7812, fe=14.4677) | Val MRE(mm): 1.631 | SDR%(2/2.5/3/4): 76.2/83.5/87.5/92.5 | 192.1s
Epoch 48/200 | Train loss: 20.6380 (hm=0.3830, re=5.8283, fe=14.4267) | Val loss: 20.8192 (hm=0.3837, re=5.7675, fe=14.6680) | Val MRE(mm): 1.922 | SDR%(2/2.5/3/4): 73.8/82.5/87.2/91.2 | 192.2s
Epoch 49/200 | Train loss: 20.6777 (hm=0.3835, re=5.7985, fe=14.4957) | Val loss: 20.2844 (hm=0.3830, re=5.6922, fe=14.2093) | Val MRE(mm): 1.526 | SDR%(2/2.5/3/4): 78.0/84.0/89.0/95.0 | 192.4s
Epoch 50/200 | Train loss: 19.9949 (hm=0.3833, re=5.6887, fe=13.9229) | Val loss: 20.0806 (hm=0.3830, re=5.6094, fe=14.0882) | Val MRE(mm): 1.520 | SDR%(2/2.5/3/4): 81.2/85.5/88.8/93.8 | 192.1s
Epoch 51/200 | Train loss: 19.8473 (hm=0.3826, re=5.6189, fe=13.8458) | Val loss: 20.0517 (hm=0.3836, re=5.5347, fe=14.1334) | Val MRE(mm): 1.452 | SDR%(2/2.5/3/4): 78.8/85.8/90.5/94.2 | 192.2s
Epoch 52/200 | Train loss: 19.8066 (hm=0.3817, re=5.5940, fe=13.8309) | Val loss: 19.6968 (hm=0.3831, re=5.4608, fe=13.8530) | Val MRE(mm): 1.455 | SDR%(2/2.5/3/4): 82.0/85.8/89.0/93.2 | 192.0s
Epoch 53/200 | Train loss: 19.8055 (hm=0.3823, re=5.5418, fe=13.8814) | Val loss: 19.8887 (hm=0.3826, re=5.4608, fe=14.0453) | Val MRE(mm): 1.473 | SDR%(2/2.5/3/4): 81.2/86.0/91.8/94.8 | 192.1s
Epoch 54/200 | Train loss: 19.0335 (hm=0.3817, re=5.4683, fe=13.1835) | Val loss: 19.6042 (hm=0.3818, re=5.3468, fe=13.8756) | Val MRE(mm): 1.540 | SDR%(2/2.5/3/4): 76.8/85.0/89.8/94.2 | 192.1s
Epoch 55/200 | Train loss: 19.2288 (hm=0.3818, re=5.3944, fe=13.4526) | Val loss: 19.7920 (hm=0.3818, re=5.3196, fe=14.0906) | Val MRE(mm): 1.400 | SDR%(2/2.5/3/4): 79.5/87.2/90.5/95.2 | 192.0s
Epoch 56/200 | Train loss: 19.0211 (hm=0.3816, re=5.3703, fe=13.2692) | Val loss: 20.0595 (hm=0.3816, re=5.3152, fe=14.3628) | Val MRE(mm): 1.414 | SDR%(2/2.5/3/4): 78.8/86.2/90.5/95.0 | 192.2s
Epoch 57/200 | Train loss: 18.9567 (hm=0.3811, re=5.3277, fe=13.2479) | Val loss: 19.5345 (hm=0.3816, re=5.1967, fe=13.9562) | Val MRE(mm): 1.560 | SDR%(2/2.5/3/4): 77.8/85.2/91.8/95.8 | 192.3s
Epoch 58/200 | Train loss: 18.7837 (hm=0.3814, re=5.3221, fe=13.0802) | Val loss: 19.1354 (hm=0.3815, re=5.1278, fe=13.6261) | Val MRE(mm): 1.311 | SDR%(2/2.5/3/4): 82.2/87.8/91.8/96.5 | 192.2s
Epoch 59/200 | Train loss: 18.2877 (hm=0.3810, re=5.2478, fe=12.6588) | Val loss: 18.6692 (hm=0.3832, re=5.0648, fe=13.2213) | Val MRE(mm): 1.150 | SDR%(2/2.5/3/4): 85.2/90.0/93.5/96.8 | 192.1s
Epoch 60/200 | Train loss: 18.5268 (hm=0.3806, re=5.2354, fe=12.9109) | Val loss: 19.3960 (hm=0.3813, re=5.0766, fe=13.9381) | Val MRE(mm): 1.304 | SDR%(2/2.5/3/4): 80.8/89.2/92.2/96.8 | 191.9s
Epoch 61/200 | Train loss: 18.0380 (hm=0.3802, re=5.1384, fe=12.5194) | Val loss: 18.8593 (hm=0.3817, re=4.9800, fe=13.4976) | Val MRE(mm): 1.235 | SDR%(2/2.5/3/4): 83.5/89.5/94.5/97.2 | 192.1s
Epoch 62/200 | Train loss: 17.8496 (hm=0.3807, re=5.1127, fe=12.3562) | Val loss: 18.7291 (hm=0.3820, re=4.9518, fe=13.3954) | Val MRE(mm): 1.225 | SDR%(2/2.5/3/4): 83.0/90.8/93.5/97.0 | 192.1s
Epoch 63/200 | Train loss: 17.6003 (hm=0.3805, re=5.0397, fe=12.1801) | Val loss: 18.8895 (hm=0.3811, re=4.8776, fe=13.6308) | Val MRE(mm): 1.345 | SDR%(2/2.5/3/4): 82.8/88.5/92.8/95.8 | 192.1s
Epoch 64/200 | Train loss: 17.5164 (hm=0.3804, re=5.0424, fe=12.0936) | Val loss: 18.4468 (hm=0.3814, re=4.8503, fe=13.2151) | Val MRE(mm): 1.291 | SDR%(2/2.5/3/4): 84.0/88.0/91.5/95.8 | 192.1s
Epoch 65/200 | Train loss: 17.3705 (hm=0.3803, re=5.0130, fe=11.9772) | Val loss: 18.0573 (hm=0.3807, re=4.7564, fe=12.9202) | Val MRE(mm): 1.172 | SDR%(2/2.5/3/4): 84.0/91.0/94.5/97.2 | 192.2s
Epoch 66/200 | Train loss: 17.0943 (hm=0.3799, re=4.9787, fe=11.7357) | Val loss: 18.8877 (hm=0.3813, re=4.7992, fe=13.7072) | Val MRE(mm): 1.231 | SDR%(2/2.5/3/4): 85.0/89.8/93.0/96.8 | 192.2s
Epoch 67/200 | Train loss: 17.1279 (hm=0.3795, re=4.9339, fe=11.8145) | Val loss: 17.8693 (hm=0.3806, re=4.7473, fe=12.7414) | Val MRE(mm): 1.159 | SDR%(2/2.5/3/4): 84.8/89.2/93.2/97.2 | 192.2s
Epoch 68/200 | Train loss: 16.7498 (hm=0.3800, re=4.9173, fe=11.4524) | Val loss: 18.3110 (hm=0.3804, re=4.8043, fe=13.1263) | Val MRE(mm): 1.272 | SDR%(2/2.5/3/4): 84.0/89.0/91.5/95.8 | 192.3s
Epoch 69/200 | Train loss: 16.8088 (hm=0.3797, re=4.8719, fe=11.5571) | Val loss: 18.2262 (hm=0.3806, re=4.8507, fe=12.9950) | Val MRE(mm): 1.159 | SDR%(2/2.5/3/4): 85.0/88.8/93.0/97.8 | 192.3s
Epoch 70/200 | Train loss: 16.5654 (hm=0.3794, re=4.8465, fe=11.3394) | Val loss: 18.2201 (hm=0.3796, re=4.6620, fe=13.1785) | Val MRE(mm): 1.187 | SDR%(2/2.5/3/4): 85.5/90.0/93.5/97.0 | 192.0s
Epoch 71/200 | Train loss: 16.2873 (hm=0.3791, re=4.7777, fe=11.1305) | Val loss: 18.2268 (hm=0.3800, re=4.6210, fe=13.2258) | Val MRE(mm): 1.220 | SDR%(2/2.5/3/4): 83.5/88.0/92.8/97.2 | 192.0s
Epoch 72/200 | Train loss: 16.3276 (hm=0.3791, re=4.7888, fe=11.1597) | Val loss: 17.9342 (hm=0.3806, re=4.6412, fe=12.9123) | Val MRE(mm): 1.145 | SDR%(2/2.5/3/4): 84.8/90.8/94.2/98.0 | 192.3s


===== cephadoadu_cosine_resume =====
Warning: You are sending unauthenticated requests to the HF Hub. Please set a HF_TOKEN to enable higher rate limits and faster downloads.
/home/zeus/miniconda3/envs/cloudspace/lib/python3.12/site-packages/torch/nn/modules/transformer.py:392: UserWarning: enable_nested_tensor is True, but self.use_nested_tensor is False because encoder_layer.self_attn.batch_first was not True(use batch_first for better inference performance)
  warnings.warn(
Resumed weights from /teamspace/studios/this_studio/Convnext_DeLR_backup/outputs/cephadoadu_cosine_resume/seed_best_e72_mre1_145.pt (missing=0, unexpected=0).
Checkpoint val_metrics: {'loss': 17.93419075012207, 'loss_hm': 0.3806395843625069, 'loss_re': 4.641236448287964, 'loss_fe': 12.912314510345459, 'mre_mm': 1.1451627480983735, 'mre_px': 11.451627388000489, 'sdr_2_0mm': 84.75, 'sdr_2_5mm': 90.75, 'sdr_3_0mm': 94.25, 'sdr_4_0mm': 98.0}
Epoch 01/128 | Train loss: 16.2794 (hm=0.3789, re=4.7552, fe=11.1453) | Val loss: 18.3273 (hm=0.3802, re=4.5469, fe=13.4002) | Val MRE(mm): 1.254 | SDR%(2/2.5/3/4): 83.2/89.0/92.5/96.2 | 194.9s
Epoch 02/128 | Train loss: 15.9322 (hm=0.3790, re=4.6844, fe=10.8687) | Val loss: 17.8271 (hm=0.3795, re=4.5339, fe=12.9136) | Val MRE(mm): 1.111 | SDR%(2/2.5/3/4): 85.5/91.2/94.0/98.2 | 192.4s
Epoch 03/128 | Train loss: 15.8289 (hm=0.3787, re=4.6581, fe=10.7921) | Val loss: 17.9261 (hm=0.3794, re=4.5575, fe=12.9892) | Val MRE(mm): 1.126 | SDR%(2/2.5/3/4): 86.0/90.5/94.5/97.2 | 192.1s
Epoch 04/128 | Train loss: 15.5134 (hm=0.3789, re=4.6115, fe=10.5230) | Val loss: 17.7662 (hm=0.3794, re=4.4768, fe=12.9101) | Val MRE(mm): 1.190 | SDR%(2/2.5/3/4): 84.8/89.2/92.8/97.0 | 192.1s
Epoch 05/128 | Train loss: 15.6098 (hm=0.3785, re=4.6022, fe=10.6291) | Val loss: 17.7280 (hm=0.3793, re=4.4587, fe=12.8900) | Val MRE(mm): 1.105 | SDR%(2/2.5/3/4): 87.5/90.5/94.8/97.0 | 191.9s
Epoch 06/128 | Train loss: 15.1753 (hm=0.3786, re=4.5452, fe=10.2516) | Val loss: 18.8054 (hm=0.3796, re=4.5899, fe=13.8360) | Val MRE(mm): 1.221 | SDR%(2/2.5/3/4): 86.0/90.5/92.2/96.5 | 192.0s
Epoch 07/128 | Train loss: 15.2957 (hm=0.3780, re=4.5635, fe=10.3542) | Val loss: 17.9196 (hm=0.3790, re=4.4558, fe=13.0848) | Val MRE(mm): 1.157 | SDR%(2/2.5/3/4): 87.0/91.2/93.0/98.2 | 192.0s
Epoch 08/128 | Train loss: 15.3093 (hm=0.3782, re=4.5883, fe=10.3428) | Val loss: 18.0872 (hm=0.3789, re=4.4984, fe=13.2098) | Val MRE(mm): 1.164 | SDR%(2/2.5/3/4): 87.5/90.2/92.2/97.0 | 192.0s
Epoch 09/128 | Train loss: 14.9948 (hm=0.3778, re=4.4522, fe=10.1647) | Val loss: 17.4972 (hm=0.3790, re=4.4411, fe=12.6770) | Val MRE(mm): 1.078 | SDR%(2/2.5/3/4): 86.5/92.0/93.5/97.2 | 192.2s
Epoch 10/128 | Train loss: 15.1845 (hm=0.3783, re=4.4486, fe=10.3576) | Val loss: 18.2617 (hm=0.3791, re=4.3640, fe=13.5186) | Val MRE(mm): 1.143 | SDR%(2/2.5/3/4): 87.0/91.8/94.0/97.2 | 192.0s
Epoch 11/128 | Train loss: 14.7364 (hm=0.3777, re=4.4372, fe=9.9216) | Val loss: 18.1984 (hm=0.3792, re=4.2756, fe=13.5436) | Val MRE(mm): 1.159 | SDR%(2/2.5/3/4): 86.5/90.8/94.0/97.2 | 192.3s
Epoch 12/128 | Train loss: 14.7476 (hm=0.3780, re=4.4184, fe=9.9512) | Val loss: 17.9623 (hm=0.3789, re=4.1892, fe=13.3943) | Val MRE(mm): 1.093 | SDR%(2/2.5/3/4): 86.2/91.2/95.0/97.5 | 192.2s
Epoch 13/128 | Train loss: 14.5301 (hm=0.3777, re=4.4043, fe=9.7481) | Val loss: 17.5441 (hm=0.3789, re=4.1194, fe=13.0459) | Val MRE(mm): 1.060 | SDR%(2/2.5/3/4): 87.0/92.5/95.2/97.8 | 191.9s
Epoch 14/128 | Train loss: 14.4922 (hm=0.3774, re=4.3858, fe=9.7290) | Val loss: 17.9666 (hm=0.3787, re=4.2093, fe=13.3786) | Val MRE(mm): 1.203 | SDR%(2/2.5/3/4): 85.8/91.0/93.5/97.2 | 191.8s
Epoch 15/128 | Train loss: 14.1129 (hm=0.3774, re=4.3546, fe=9.3810) | Val loss: 18.2657 (hm=0.3786, re=4.1990, fe=13.6881) | Val MRE(mm): 1.163 | SDR%(2/2.5/3/4): 88.0/90.8/94.5/97.2 | 192.0s
Epoch 16/128 | Train loss: 14.0956 (hm=0.3778, re=4.2903, fe=9.4274) | Val loss: 17.6903 (hm=0.3789, re=4.1224, fe=13.1890) | Val MRE(mm): 1.106 | SDR%(2/2.5/3/4): 87.2/91.5/94.8/97.5 | 192.2s
Epoch 17/128 | Train loss: 14.0925 (hm=0.3776, re=4.3125, fe=9.4024) | Val loss: 17.4308 (hm=0.3789, re=4.0865, fe=12.9654) | Val MRE(mm): 1.057 | SDR%(2/2.5/3/4): 89.0/92.0/94.8/97.8 | 192.2s
Epoch 18/128 | Train loss: 13.8948 (hm=0.3772, re=4.3077, fe=9.2099) | Val loss: 18.2993 (hm=0.3789, re=4.1861, fe=13.7343) | Val MRE(mm): 1.123 | SDR%(2/2.5/3/4): 86.5/91.8/94.0/97.8 | 192.2s
Epoch 19/128 | Train loss: 13.6373 (hm=0.3778, re=4.2238, fe=9.0358) | Val loss: 18.9319 (hm=0.3784, re=4.3356, fe=14.2179) | Val MRE(mm): 1.217 | SDR%(2/2.5/3/4): 86.2/90.0/92.8/96.0 | 192.2s
Epoch 20/128 | Train loss: 13.7559 (hm=0.3771, re=4.2376, fe=9.1411) | Val loss: 18.6772 (hm=0.3783, re=4.1800, fe=14.1189) | Val MRE(mm): 1.221 | SDR%(2/2.5/3/4): 84.8/90.2/93.8/96.2 | 192.2s
Epoch 21/128 | Train loss: 13.7330 (hm=0.3774, re=4.2135, fe=9.1421) | Val loss: 18.4879 (hm=0.3787, re=4.0907, fe=14.0185) | Val MRE(mm): 1.124 | SDR%(2/2.5/3/4): 87.5/92.5/94.8/97.2 | 191.8s
Epoch 22/128 | Train loss: 13.4208 (hm=0.3773, re=4.1793, fe=8.8642) | Val loss: 18.3218 (hm=0.3781, re=4.1668, fe=13.7769) | Val MRE(mm): 1.037 | SDR%(2/2.5/3/4): 87.0/92.5/95.0/97.5 | 191.8s
Epoch 23/128 | Train loss: 13.4299 (hm=0.3772, re=4.1788, fe=8.8739) | Val loss: 17.7656 (hm=0.3787, re=4.1717, fe=13.2151) | Val MRE(mm): 1.066 | SDR%(2/2.5/3/4): 86.8/91.8/94.8/97.8 | 191.8s
Epoch 24/128 | Train loss: 13.2533 (hm=0.3772, re=4.1555, fe=8.7206) | Val loss: 18.8300 (hm=0.3785, re=4.0662, fe=14.3853) | Val MRE(mm): 1.150 | SDR%(2/2.5/3/4): 87.0/91.5/94.0/97.8 | 192.0s
Epoch 25/128 | Train loss: 13.0878 (hm=0.3767, re=4.1073, fe=8.6038) | Val loss: 18.4517 (hm=0.3783, re=4.1336, fe=13.9397) | Val MRE(mm): 1.049 | SDR%(2/2.5/3/4): 87.8/92.5/95.2/97.8 | 192.1s
Epoch 26/128 | Train loss: 12.8023 (hm=0.3769, re=4.0630, fe=8.3624) | Val loss: 18.2331 (hm=0.3779, re=4.0867, fe=13.7685) | Val MRE(mm): 1.137 | SDR%(2/2.5/3/4): 86.5/91.8/94.2/97.2 | 192.1s
Epoch 27/128 | Train loss: 12.8409 (hm=0.3768, re=4.0458, fe=8.4182) | Val loss: 18.8898 (hm=0.3780, re=3.9287, fe=14.5832) | Val MRE(mm): 1.130 | SDR%(2/2.5/3/4): 88.0/92.2/94.5/97.5 | 192.1s
Epoch 28/128 | Train loss: 12.7831 (hm=0.3765, re=4.0370, fe=8.3696) | Val loss: 18.5446 (hm=0.3777, re=4.4050, fe=13.7620) | Val MRE(mm): 1.072 | SDR%(2/2.5/3/4): 87.5/91.8/93.8/98.0 | 192.1s
Epoch 29/128 | Train loss: 12.7179 (hm=0.3771, re=4.0166, fe=8.3242) | Val loss: 18.3292 (hm=0.3781, re=4.0170, fe=13.9341) | Val MRE(mm): 1.049 | SDR%(2/2.5/3/4): 87.0/91.8/94.2/97.0 | 192.0s
Epoch 30/128 | Train loss: 12.6584 (hm=0.3766, re=4.0145, fe=8.2674) | Val loss: 19.2105 (hm=0.3779, re=4.1585, fe=14.6741) | Val MRE(mm): 1.130 | SDR%(2/2.5/3/4): 87.0/91.0/93.8/97.0 | 192.2s
Epoch 31/128 | Train loss: 12.5370 (hm=0.3766, re=3.9874, fe=8.1730) | Val loss: 17.6445 (hm=0.3778, re=3.9580, fe=13.3088) | Val MRE(mm): 1.019 | SDR%(2/2.5/3/4): 88.8/91.5/94.5/98.0 | 192.0s
Epoch 32/128 | Train loss: 12.3407 (hm=0.3764, re=3.9547, fe=8.0096) | Val loss: 18.8739 (hm=0.3778, re=3.8679, fe=14.6282) | Val MRE(mm): 1.109 | SDR%(2/2.5/3/4): 86.2/93.2/95.0/97.5 | 191.9s
Epoch 33/128 | Train loss: 12.4624 (hm=0.3765, re=3.9239, fe=8.1620) | Val loss: 18.3496 (hm=0.3778, re=3.8105, fe=14.1613) | Val MRE(mm): 1.102 | SDR%(2/2.5/3/4): 86.5/91.2/94.2/96.8 | 192.0s
Epoch 34/128 | Train loss: 12.3452 (hm=0.3764, re=3.9140, fe=8.0548) | Val loss: 18.4083 (hm=0.3779, re=3.7817, fe=14.2487) | Val MRE(mm): 1.063 | SDR%(2/2.5/3/4): 86.2/92.2/95.0/98.0 | 192.0s
Epoch 35/128 | Train loss: 12.2056 (hm=0.3763, re=3.9048, fe=7.9246) | Val loss: 19.4227 (hm=0.3775, re=3.9663, fe=15.0789) | Val MRE(mm): 1.052 | SDR%(2/2.5/3/4): 87.0/91.8/93.8/97.8 | 192.1s
Epoch 36/128 | Train loss: 12.0835 (hm=0.3768, re=3.8670, fe=7.8397) | Val loss: 18.1735 (hm=0.3778, re=3.7829, fe=14.0128) | Val MRE(mm): 1.050 | SDR%(2/2.5/3/4): 88.2/91.5/94.5/98.0 | 191.9s
Epoch 37/128 | Train loss: 12.0967 (hm=0.3762, re=3.9020, fe=7.8185) | Val loss: 18.8472 (hm=0.3776, re=3.8998, fe=14.5697) | Val MRE(mm): 1.064 | SDR%(2/2.5/3/4): 87.2/91.8/95.0/97.8 | 191.9s
Epoch 38/128 | Train loss: 12.1070 (hm=0.3763, re=3.8990, fe=7.8317) | Val loss: 18.1950 (hm=0.3777, re=3.8271, fe=13.9902) | Val MRE(mm): 1.012 | SDR%(2/2.5/3/4): 88.2/91.8/94.8/98.2 | 192.3s
Epoch 39/128 | Train loss: 11.9069 (hm=0.3762, re=3.8601, fe=7.6707) | Val loss: 17.9751 (hm=0.3777, re=3.7826, fe=13.8149) | Val MRE(mm): 1.044 | SDR%(2/2.5/3/4): 87.8/92.0/94.2/98.0 | 192.1s
Epoch 40/128 | Train loss: 11.8955 (hm=0.3764, re=3.8708, fe=7.6483) | Val loss: 18.6434 (hm=0.3778, re=3.7557, fe=14.5100) | Val MRE(mm): 1.028 | SDR%(2/2.5/3/4): 87.0/91.8/95.0/97.5 | 192.0s
Epoch 41/128 | Train loss: 11.9806 (hm=0.3761, re=3.8471, fe=7.7574) | Val loss: 17.8842 (hm=0.3779, re=3.7113, fe=13.7951) | Val MRE(mm): 1.040 | SDR%(2/2.5/3/4): 88.5/91.5/94.2/97.8 | 192.2s
Epoch 42/128 | Train loss: 11.7925 (hm=0.3764, re=3.7638, fe=7.6524) | Val loss: 18.5676 (hm=0.3776, re=3.7146, fe=14.4754) | Val MRE(mm): 1.026 | SDR%(2/2.5/3/4): 87.2/91.2/94.8/98.0 | 192.0s
Epoch 43/128 | Train loss: 11.5842 (hm=0.3761, re=3.7599, fe=7.4482) | Val loss: 18.7373 (hm=0.3775, re=3.6422, fe=14.7176) | Val MRE(mm): 1.027 | SDR%(2/2.5/3/4): 87.8/91.8/95.2/98.0 | 192.0s
Epoch 44/128 | Train loss: 11.5533 (hm=0.3762, re=3.7470, fe=7.4302) | Val loss: 19.3120 (hm=0.3777, re=3.6771, fe=15.2572) | Val MRE(mm): 1.049 | SDR%(2/2.5/3/4): 86.5/92.2/94.8/98.2 | 191.8s
Epoch 45/128 | Train loss: 11.4891 (hm=0.3760, re=3.7207, fe=7.3924) | Val loss: 19.2118 (hm=0.3774, re=3.6081, fe=15.2263) | Val MRE(mm): 1.057 | SDR%(2/2.5/3/4): 87.0/92.0/95.2/97.5 | 191.9s
Epoch 46/128 | Train loss: 11.4152 (hm=0.3761, re=3.7392, fe=7.2998) | Val loss: 19.6550 (hm=0.3776, re=3.6775, fe=15.6000) | Val MRE(mm): 1.109 | SDR%(2/2.5/3/4): 86.8/91.5/95.0/97.2 | 192.1s
Epoch 47/128 | Train loss: 11.3284 (hm=0.3759, re=3.6878, fe=7.2646) | Val loss: 19.1523 (hm=0.3774, re=3.7005, fe=15.0745) | Val MRE(mm): 1.050 | SDR%(2/2.5/3/4): 87.5/92.0/94.5/98.0 | 191.9s
Epoch 48/128 | Train loss: 11.2659 (hm=0.3760, re=3.7022, fe=7.1877) | Val loss: 19.4151 (hm=0.3773, re=3.6462, fe=15.3916) | Val MRE(mm): 1.059 | SDR%(2/2.5/3/4): 87.0/92.0/95.0/97.5 | 192.0s
Epoch 49/128 | Train loss: 11.2937 (hm=0.3762, re=3.7201, fe=7.1974) | Val loss: 18.9247 (hm=0.3772, re=3.6047, fe=14.9427) | Val MRE(mm): 1.088 | SDR%(2/2.5/3/4): 87.0/92.2/94.2/97.8 | 192.2s
Epoch 50/128 | Train loss: 11.2867 (hm=0.3759, re=3.7021, fe=7.2087) | Val loss: 20.1148 (hm=0.3773, re=3.6459, fe=16.0916) | Val MRE(mm): 1.112 | SDR%(2/2.5/3/4): 87.2/91.8/94.2/97.0 | 191.9s
Epoch 51/128 | Train loss: 11.0742 (hm=0.3758, re=3.6499, fe=7.0485) | Val loss: 18.6796 (hm=0.3773, re=3.6866, fe=14.6157) | Val MRE(mm): 1.017 | SDR%(2/2.5/3/4): 87.2/92.0/94.5/97.8 | 191.9s
Epoch 52/128 | Train loss: 10.9519 (hm=0.3756, re=3.6329, fe=6.9433) | Val loss: 19.6326 (hm=0.3773, re=3.6590, fe=15.5963) | Val MRE(mm): 1.027 | SDR%(2/2.5/3/4): 87.0/91.8/95.0/97.5 | 191.9s
Epoch 53/128 | Train loss: 11.0437 (hm=0.3756, re=3.6606, fe=7.0075) | Val loss: 19.9628 (hm=0.3772, re=3.6646, fe=15.9210) | Val MRE(mm): 1.022 | SDR%(2/2.5/3/4): 87.2/93.5/94.8/97.8 | 191.9s
Epoch 54/128 | Train loss: 10.7838 (hm=0.3757, re=3.6006, fe=6.8075) | Val loss: 19.9134 (hm=0.3771, re=3.7188, fe=15.8175) | Val MRE(mm): 1.022 | SDR%(2/2.5/3/4): 87.8/92.2/94.8/98.0 | 192.0s
Epoch 55/128 | Train loss: 10.6614 (hm=0.3759, re=3.5842, fe=6.7013) | Val loss: 20.7859 (hm=0.3773, re=3.6039, fe=16.8047) | Val MRE(mm): 1.039 | SDR%(2/2.5/3/4): 86.8/92.0/94.5/97.8 | 191.8s
Epoch 56/128 | Train loss: 10.7687 (hm=0.3758, re=3.5523, fe=6.8406) | Val loss: 20.5664 (hm=0.3773, re=3.6028, fe=16.5863) | Val MRE(mm): 1.090 | SDR%(2/2.5/3/4): 86.5/92.5/94.8/97.2 | 192.0s
Epoch 57/128 | Train loss: 10.6662 (hm=0.3757, re=3.5774, fe=6.7130) | Val loss: 20.4641 (hm=0.3773, re=3.5237, fe=16.5631) | Val MRE(mm): 1.097 | SDR%(2/2.5/3/4): 87.5/93.0/94.2/97.5 | 191.9s
Epoch 58/128 | Train loss: 10.5697 (hm=0.3758, re=3.5695, fe=6.6244) | Val loss: 20.1020 (hm=0.3772, re=3.7287, fe=15.9961) | Val MRE(mm): 1.046 | SDR%(2/2.5/3/4): 87.2/92.8/94.2/97.8 | 192.0s
Epoch 59/128 | Train loss: 10.4559 (hm=0.3756, re=3.5297, fe=6.5506) | Val loss: 20.4080 (hm=0.3771, re=3.6327, fe=16.3982) | Val MRE(mm): 1.081 | SDR%(2/2.5/3/4): 87.2/92.2/94.0/97.8 | 191.8s
Epoch 60/128 | Train loss: 10.5837 (hm=0.3755, re=3.5655, fe=6.6428) | Val loss: 21.3735 (hm=0.3771, re=3.5805, fe=17.4159) | Val MRE(mm): 1.083 | SDR%(2/2.5/3/4): 87.2/92.0/94.8/97.5 | 191.8s
Epoch 61/128 | Train loss: 10.2704 (hm=0.3756, re=3.4641, fe=6.4307) | Val loss: 21.4334 (hm=0.3773, re=3.4227, fe=17.6334) | Val MRE(mm): 1.081 | SDR%(2/2.5/3/4): 86.5/92.2/94.8/97.8 | 191.9s
Epoch 62/128 | Train loss: 10.1824 (hm=0.3756, re=3.4469, fe=6.3598) | Val loss: 21.8221 (hm=0.3771, re=3.6285, fe=17.8165) | Val MRE(mm): 1.089 | SDR%(2/2.5/3/4): 86.5/92.8/94.5/97.8 | 191.9s
Epoch 63/128 | Train loss: 10.2029 (hm=0.3754, re=3.4481, fe=6.3794) | Val loss: 20.4103 (hm=0.3770, re=3.5625, fe=16.4708) | Val MRE(mm): 1.031 | SDR%(2/2.5/3/4): 88.0/92.2/95.0/97.8 | 192.0s
Epoch 64/128 | Train loss: 10.2268 (hm=0.3757, re=3.4768, fe=6.3743) | Val loss: 20.9590 (hm=0.3770, re=3.5616, fe=17.0203) | Val MRE(mm): 1.047 | SDR%(2/2.5/3/4): 87.8/92.0/94.0/97.8 | 192.1s
Epoch 65/128 | Train loss: 10.2073 (hm=0.3756, re=3.4774, fe=6.3542) | Val loss: 22.2417 (hm=0.3769, re=3.5454, fe=18.3194) | Val MRE(mm): 1.082 | SDR%(2/2.5/3/4): 86.8/92.5/94.2/97.2 | 192.0s
Epoch 66/128 | Train loss: 10.0498 (hm=0.3755, re=3.4469, fe=6.2274) | Val loss: 21.2493 (hm=0.3770, re=3.4400, fe=17.4323) | Val MRE(mm): 1.093 | SDR%(2/2.5/3/4): 86.8/92.2/94.2/97.5 | 191.9s
Epoch 67/128 | Train loss: 10.0386 (hm=0.3754, re=3.4582, fe=6.2050) | Val loss: 21.1071 (hm=0.3769, re=3.4440, fe=17.2862) | Val MRE(mm): 1.014 | SDR%(2/2.5/3/4): 88.5/92.0/94.8/98.2 | 192.0s
Epoch 68/128 | Train loss: 9.9796 (hm=0.3756, re=3.4257, fe=6.1783) | Val loss: 21.3173 (hm=0.3769, re=3.8222, fe=17.1183) | Val MRE(mm): 1.029 | SDR%(2/2.5/3/4): 88.0/92.5/95.0/98.0 | 192.0s
Epoch 69/128 | Train loss: 9.9116 (hm=0.3755, re=3.4240, fe=6.1122) | Val loss: 21.8898 (hm=0.3769, re=3.6518, fe=17.8612) | Val MRE(mm): 1.080 | SDR%(2/2.5/3/4): 87.0/92.2/94.5/98.0 | 192.0s
Epoch 70/128 | Train loss: 9.7970 (hm=0.3753, re=3.3833, fe=6.0383) | Val loss: 20.7440 (hm=0.3769, re=3.4037, fe=16.9634) | Val MRE(mm): 1.021 | SDR%(2/2.5/3/4): 87.5/93.2/94.8/98.0 | 191.8s
Epoch 71/128 | Train loss: 9.8268 (hm=0.3753, re=3.3929, fe=6.0585) | Val loss: 21.3287 (hm=0.3769, re=3.4984, fe=17.4534) | Val MRE(mm): 1.012 | SDR%(2/2.5/3/4): 88.2/92.0/94.8/98.0 | 191.9s
Epoch 72/128 | Train loss: 9.7833 (hm=0.3754, re=3.3890, fe=6.0190) | Val loss: 21.3381 (hm=0.3769, re=3.7411, fe=17.2201) | Val MRE(mm): 1.008 | SDR%(2/2.5/3/4): 88.2/92.2/94.5/97.8 | 192.0s
Epoch 73/128 | Train loss: 9.7479 (hm=0.3753, re=3.3356, fe=6.0370) | Val loss: 22.0918 (hm=0.3769, re=3.4266, fe=18.2883) | Val MRE(mm): 1.031 | SDR%(2/2.5/3/4): 87.5/92.8/94.2/97.8 | 192.0s
Epoch 74/128 | Train loss: 9.7043 (hm=0.3752, re=3.3409, fe=5.9883) | Val loss: 21.4094 (hm=0.3768, re=3.5942, fe=17.4383) | Val MRE(mm): 1.019 | SDR%(2/2.5/3/4): 87.8/92.5/94.8/97.8 | 192.0s
Epoch 75/128 | Train loss: 9.6011 (hm=0.3754, re=3.2993, fe=5.9264) | Val loss: 21.4544 (hm=0.3768, re=3.4684, fe=17.6092) | Val MRE(mm): 1.018 | SDR%(2/2.5/3/4): 87.5/92.5/94.5/97.8 | 191.9s
Epoch 76/128 | Train loss: 9.6249 (hm=0.3752, re=3.3641, fe=5.8856) | Val loss: 23.3275 (hm=0.3768, re=3.4254, fe=19.5253) | Val MRE(mm): 1.079 | SDR%(2/2.5/3/4): 87.5/92.2/94.5/98.0 | 191.9s
Epoch 77/128 | Train loss: 9.4850 (hm=0.3754, re=3.2748, fe=5.8347) | Val loss: 21.7342 (hm=0.3767, re=3.6672, fe=17.6902) | Val MRE(mm): 1.018 | SDR%(2/2.5/3/4): 87.0/92.5/94.8/97.8 | 192.0s
Epoch 78/128 | Train loss: 9.4115 (hm=0.3753, re=3.2673, fe=5.7689) | Val loss: 22.7320 (hm=0.3768, re=3.5512, fe=18.8040) | Val MRE(mm): 1.024 | SDR%(2/2.5/3/4): 87.2/92.8/94.5/97.8 | 191.8s
Epoch 79/128 | Train loss: 9.3879 (hm=0.3750, re=3.2792, fe=5.7337) | Val loss: 22.5803 (hm=0.3767, re=3.4281, fe=18.7755) | Val MRE(mm): 1.068 | SDR%(2/2.5/3/4): 87.2/93.5/94.5/97.5 | 191.8s
Epoch 80/128 | Train loss: 9.3949 (hm=0.3754, re=3.2976, fe=5.7220) | Val loss: 21.3340 (hm=0.3767, re=3.4586, fe=17.4987) | Val MRE(mm): 1.010 | SDR%(2/2.5/3/4): 87.2/92.5/94.8/98.2 | 191.9s
Epoch 81/128 | Train loss: 9.2549 (hm=0.3751, re=3.2393, fe=5.6405) | Val loss: 22.2083 (hm=0.3767, re=3.4670, fe=18.3647) | Val MRE(mm): 1.021 | SDR%(2/2.5/3/4): 87.2/92.8/94.5/97.2 | 191.9s
Epoch 82/128 | Train loss: 9.1920 (hm=0.3752, re=3.2244, fe=5.5923) | Val loss: 22.8532 (hm=0.3766, re=3.4076, fe=19.0691) | Val MRE(mm): 1.017 | SDR%(2/2.5/3/4): 88.0/92.8/94.5/98.0 | 192.0s
Epoch 83/128 | Train loss: 9.1903 (hm=0.3751, re=3.2598, fe=5.5554) | Val loss: 22.6722 (hm=0.3767, re=3.6304, fe=18.6651) | Val MRE(mm): 1.024 | SDR%(2/2.5/3/4): 87.5/92.5/94.5/97.8 | 191.9s
Epoch 84/128 | Train loss: 9.1235 (hm=0.3754, re=3.1971, fe=5.5510) | Val loss: 23.0905 (hm=0.3766, re=3.3541, fe=19.3598) | Val MRE(mm): 1.029 | SDR%(2/2.5/3/4): 87.2/93.0/94.5/97.8 | 191.9s
Epoch 85/128 | Train loss: 8.9883 (hm=0.3751, re=3.2052, fe=5.4080) | Val loss: 23.1556 (hm=0.3766, re=3.4588, fe=19.3202) | Val MRE(mm): 1.022 | SDR%(2/2.5/3/4): 87.2/92.5/94.8/97.8 | 191.9s
Epoch 86/128 | Train loss: 9.0497 (hm=0.3753, re=3.1747, fe=5.4997) | Val loss: 23.2761 (hm=0.3766, re=3.5663, fe=19.3332) | Val MRE(mm): 1.017 | SDR%(2/2.5/3/4): 87.5/92.5/94.8/98.0 | 192.0s
Epoch 87/128 | Train loss: 9.0792 (hm=0.3751, re=3.1900, fe=5.5141) | Val loss: 22.3123 (hm=0.3765, re=3.5886, fe=18.3472) | Val MRE(mm): 1.009 | SDR%(2/2.5/3/4): 87.5/92.8/94.8/97.8 | 191.9s
Epoch 88/128 | Train loss: 9.1332 (hm=0.3751, re=3.2101, fe=5.5479) | Val loss: 23.2002 (hm=0.3766, re=3.4267, fe=19.3970) | Val MRE(mm): 1.012 | SDR%(2/2.5/3/4): 87.5/92.2/94.8/97.8 | 192.3s
Epoch 89/128 | Train loss: 8.9388 (hm=0.3750, re=3.1779, fe=5.3860) | Val loss: 22.5340 (hm=0.3766, re=3.4443, fe=18.7132) | Val MRE(mm): 1.012 | SDR%(2/2.5/3/4): 87.2/93.0/95.0/97.5 | 192.0s
Epoch 90/128 | Train loss: 8.8290 (hm=0.3750, re=3.1591, fe=5.2949) | Val loss: 23.4565 (hm=0.3766, re=3.5708, fe=19.5091) | Val MRE(mm): 1.008 | SDR%(2/2.5/3/4): 88.2/92.5/94.8/98.0 | 192.0s
Epoch 91/128 | Train loss: 8.7589 (hm=0.3749, re=3.1470, fe=5.2370) | Val loss: 24.2140 (hm=0.3765, re=3.4174, fe=20.4201) | Val MRE(mm): 1.069 | SDR%(2/2.5/3/4): 87.2/92.5/94.5/97.8 | 191.9s
Epoch 92/128 | Train loss: 8.7184 (hm=0.3750, re=3.1240, fe=5.2193) | Val loss: 24.3086 (hm=0.3766, re=3.5276, fe=20.4043) | Val MRE(mm): 1.012 | SDR%(2/2.5/3/4): 87.2/93.0/94.8/98.0 | 191.8s
Epoch 93/128 | Train loss: 8.6519 (hm=0.3751, re=3.1209, fe=5.1559) | Val loss: 23.8773 (hm=0.3765, re=3.5404, fe=19.9603) | Val MRE(mm): 0.998 | SDR%(2/2.5/3/4): 88.0/92.8/95.0/98.0 | 191.9s
Epoch 94/128 | Train loss: 8.7021 (hm=0.3750, re=3.1225, fe=5.2045) | Val loss: 24.0730 (hm=0.3765, re=3.6887, fe=20.0077) | Val MRE(mm): 1.015 | SDR%(2/2.5/3/4): 87.8/92.8/94.8/98.0 | 191.9s
Epoch 95/128 | Train loss: 8.6928 (hm=0.3751, re=3.1161, fe=5.2015) | Val loss: 23.9172 (hm=0.3766, re=3.4259, fe=20.1148) | Val MRE(mm): 1.017 | SDR%(2/2.5/3/4): 87.5/92.8/95.0/97.8 | 191.9s
Epoch 96/128 | Train loss: 8.5357 (hm=0.3753, re=3.0959, fe=5.0644) | Val loss: 24.6997 (hm=0.3765, re=3.5657, fe=20.7575) | Val MRE(mm): 1.012 | SDR%(2/2.5/3/4): 87.2/92.5/94.8/98.0 | 191.9s
Epoch 97/128 | Train loss: 8.5776 (hm=0.3748, re=3.1071, fe=5.0956) | Val loss: 24.7658 (hm=0.3765, re=3.5430, fe=20.8462) | Val MRE(mm): 1.009 | SDR%(2/2.5/3/4): 87.5/93.2/94.8/98.0 | 192.0s
Epoch 98/128 | Train loss: 8.4256 (hm=0.3751, re=3.0661, fe=4.9844) | Val loss: 25.4895 (hm=0.3764, re=3.5553, fe=21.5578) | Val MRE(mm): 1.013 | SDR%(2/2.5/3/4): 87.0/93.0/94.8/98.0 | 191.9s
Epoch 99/128 | Train loss: 8.4178 (hm=0.3750, re=3.0627, fe=4.9801) | Val loss: 25.4065 (hm=0.3764, re=3.4759, fe=21.5542) | Val MRE(mm): 1.020 | SDR%(2/2.5/3/4): 87.2/92.8/94.8/98.0 | 192.1s
Epoch 100/128 | Train loss: 8.4887 (hm=0.3750, re=3.0825, fe=5.0312) | Val loss: 24.8210 (hm=0.3764, re=3.4623, fe=20.9822) | Val MRE(mm): 1.009 | SDR%(2/2.5/3/4): 87.8/92.8/94.8/98.0 | 191.9s
Epoch 101/128 | Train loss: 8.4217 (hm=0.3752, re=3.0687, fe=4.9778) | Val loss: 24.6642 (hm=0.3764, re=3.5759, fe=20.7120) | Val MRE(mm): 1.002 | SDR%(2/2.5/3/4): 88.2/93.0/94.8/97.8 | 191.8s
Epoch 102/128 | Train loss: 8.3805 (hm=0.3749, re=3.0583, fe=4.9474) | Val loss: 24.8814 (hm=0.3764, re=3.5399, fe=20.9652) | Val MRE(mm): 1.002 | SDR%(2/2.5/3/4): 87.5/92.8/94.8/98.0 | 191.8s
Epoch 103/128 | Train loss: 8.3396 (hm=0.3749, re=3.0589, fe=4.9059) | Val loss: 25.2904 (hm=0.3764, re=3.5541, fe=21.3599) | Val MRE(mm): 1.006 | SDR%(2/2.5/3/4): 88.0/93.0/94.8/98.0 | 192.3s
Epoch 104/128 | Train loss: 8.3377 (hm=0.3747, re=3.0637, fe=4.8993) | Val loss: 25.5942 (hm=0.3764, re=3.4451, fe=21.7727) | Val MRE(mm): 1.018 | SDR%(2/2.5/3/4): 87.2/92.5/94.8/98.2 | 191.9s
Epoch 105/128 | Train loss: 8.2661 (hm=0.3749, re=3.0523, fe=4.8389) | Val loss: 25.4345 (hm=0.3764, re=3.5849, fe=21.4732) | Val MRE(mm): 1.005 | SDR%(2/2.5/3/4): 87.8/92.8/94.8/98.0 | 191.9s
Epoch 106/128 | Train loss: 8.3083 (hm=0.3749, re=3.0404, fe=4.8930) | Val loss: 25.8776 (hm=0.3764, re=3.4259, fe=22.0753) | Val MRE(mm): 1.013 | SDR%(2/2.5/3/4): 87.2/92.5/94.8/98.0 | 191.9s
Epoch 107/128 | Train loss: 8.1799 (hm=0.3750, re=3.0288, fe=4.7761) | Val loss: 25.8600 (hm=0.3764, re=3.3642, fe=22.1194) | Val MRE(mm): 1.010 | SDR%(2/2.5/3/4): 87.8/93.2/94.8/98.0 | 192.0s
Epoch 108/128 | Train loss: 8.0859 (hm=0.3746, re=3.0001, fe=4.7112) | Val loss: 26.4520 (hm=0.3764, re=3.5586, fe=22.5170) | Val MRE(mm): 1.011 | SDR%(2/2.5/3/4): 87.5/92.8/94.8/97.5 | 191.9s
Epoch 109/128 | Train loss: 8.0866 (hm=0.3750, re=3.0110, fe=4.7006) | Val loss: 26.2276 (hm=0.3764, re=3.3970, fe=22.4543) | Val MRE(mm): 1.011 | SDR%(2/2.5/3/4): 87.5/93.2/94.8/97.5 | 192.0s
Epoch 110/128 | Train loss: 8.0969 (hm=0.3747, re=3.0219, fe=4.7003) | Val loss: 26.4834 (hm=0.3764, re=3.4455, fe=22.6616) | Val MRE(mm): 1.015 | SDR%(2/2.5/3/4): 87.5/92.8/94.8/97.5 | 192.3s
Epoch 111/128 | Train loss: 8.0906 (hm=0.3748, re=2.9831, fe=4.7327) | Val loss: 26.1681 (hm=0.3764, re=3.4016, fe=22.3901) | Val MRE(mm): 1.013 | SDR%(2/2.5/3/4): 87.8/93.0/94.8/97.8 | 192.0s
Epoch 112/128 | Train loss: 8.0431 (hm=0.3747, re=3.0149, fe=4.6536) | Val loss: 26.6118 (hm=0.3764, re=3.4548, fe=22.7806) | Val MRE(mm): 1.014 | SDR%(2/2.5/3/4): 87.8/93.0/94.8/97.8 | 191.9s
Epoch 113/128 | Train loss: 7.9869 (hm=0.3748, re=2.9936, fe=4.6185) | Val loss: 26.6582 (hm=0.3764, re=3.5122, fe=22.7696) | Val MRE(mm): 1.014 | SDR%(2/2.5/3/4): 87.5/92.8/94.8/98.0 | 192.3s
Epoch 114/128 | Train loss: 8.0383 (hm=0.3747, re=2.9776, fe=4.6860) | Val loss: 26.0772 (hm=0.3764, re=3.5047, fe=22.1962) | Val MRE(mm): 1.010 | SDR%(2/2.5/3/4): 87.8/92.8/94.8/97.8 | 192.0s
Epoch 115/128 | Train loss: 8.0280 (hm=0.3750, re=3.0043, fe=4.6486) | Val loss: 26.5349 (hm=0.3764, re=3.5206, fe=22.6379) | Val MRE(mm): 1.008 | SDR%(2/2.5/3/4): 87.8/92.8/94.8/97.8 | 191.9s
Epoch 116/128 | Train loss: 8.0266 (hm=0.3748, re=3.0020, fe=4.6498) | Val loss: 26.8077 (hm=0.3764, re=3.4857, fe=22.9456) | Val MRE(mm): 1.013 | SDR%(2/2.5/3/4): 87.8/92.8/94.8/97.8 | 192.0s
Epoch 117/128 | Train loss: 7.9720 (hm=0.3747, re=2.9919, fe=4.6054) | Val loss: 26.8215 (hm=0.3764, re=3.4424, fe=23.0027) | Val MRE(mm): 1.015 | SDR%(2/2.5/3/4): 87.2/92.8/94.8/97.5 | 191.9s
Epoch 118/128 | Train loss: 7.9331 (hm=0.3746, re=2.9958, fe=4.5627) | Val loss: 26.9121 (hm=0.3764, re=3.5737, fe=22.9620) | Val MRE(mm): 1.014 | SDR%(2/2.5/3/4): 87.2/92.5/94.8/97.8 | 192.0s
Epoch 119/128 | Train loss: 7.9046 (hm=0.3750, re=2.9506, fe=4.5790) | Val loss: 26.6707 (hm=0.3764, re=3.4684, fe=22.8259) | Val MRE(mm): 1.012 | SDR%(2/2.5/3/4): 87.5/93.0/94.8/97.8 | 191.9s
Epoch 120/128 | Train loss: 7.9607 (hm=0.3747, re=2.9828, fe=4.6032) | Val loss: 26.7999 (hm=0.3764, re=3.4198, fe=23.0037) | Val MRE(mm): 1.013 | SDR%(2/2.5/3/4): 87.2/93.0/94.8/97.8 | 192.0s
Epoch 121/128 | Train loss: 7.9470 (hm=0.3749, re=2.9967, fe=4.5754) | Val loss: 27.0113 (hm=0.3764, re=3.5402, fe=23.0947) | Val MRE(mm): 1.017 | SDR%(2/2.5/3/4): 87.5/92.8/94.8/97.8 | 192.1s
Epoch 122/128 | Train loss: 7.9347 (hm=0.3748, re=2.9712, fe=4.5888) | Val loss: 26.8737 (hm=0.3764, re=3.4746, fe=23.0228) | Val MRE(mm): 1.012 | SDR%(2/2.5/3/4): 87.8/93.0/94.8/97.8 | 192.0s
Epoch 123/128 | Train loss: 8.0435 (hm=0.3749, re=2.9999, fe=4.6687) | Val loss: 26.8182 (hm=0.3764, re=3.5773, fe=22.8645) | Val MRE(mm): 1.013 | SDR%(2/2.5/3/4): 87.5/93.0/94.8/97.8 | 192.0s
Epoch 124/128 | Train loss: 7.9917 (hm=0.3750, re=3.0138, fe=4.6029) | Val loss: 26.7300 (hm=0.3764, re=3.4745, fe=22.8792) | Val MRE(mm): 1.012 | SDR%(2/2.5/3/4): 87.2/93.0/94.8/97.8 | 192.0s
Epoch 125/128 | Train loss: 7.8525 (hm=0.3749, re=2.9715, fe=4.5061) | Val loss: 26.9178 (hm=0.3764, re=3.4401, fe=23.1014) | Val MRE(mm): 1.014 | SDR%(2/2.5/3/4): 87.2/93.0/94.8/97.8 | 192.0s
Epoch 126/128 | Train loss: 7.8824 (hm=0.3748, re=2.9779, fe=4.5297) | Val loss: 27.0573 (hm=0.3763, re=3.5108, fe=23.1702) | Val MRE(mm): 1.014 | SDR%(2/2.5/3/4): 87.5/93.0/94.8/97.8 | 191.9s
Epoch 127/128 | Train loss: 7.8327 (hm=0.3747, re=2.9603, fe=4.4977) | Val loss: 27.1524 (hm=0.3764, re=3.4908, fe=23.2853) | Val MRE(mm): 1.015 | SDR%(2/2.5/3/4): 87.5/93.0/94.8/97.8 | 192.1s
Epoch 128/128 | Train loss: 7.8535 (hm=0.3750, re=2.9747, fe=4.5038) | Val loss: 27.0064 (hm=0.3764, re=3.4912, fe=23.1389) | Val MRE(mm): 1.011 | SDR%(2/2.5/3/4): 87.2/93.0/94.8/97.8 | 192.1s


